\BOOKMARK [0][-]{chapter.1}{\376\377\000N\000a\000m\000e\000s\000p\000a\000c\000e\000\040\000I\000n\000d\000e\000x}{}
\BOOKMARK [1][-]{section.1.1}{\376\377\000N\000a\000m\000e\000s\000p\000a\000c\000e\000\040\000L\000i\000s\000t}{chapter.1}
\BOOKMARK [0][-]{chapter.2}{\376\377\000C\000l\000a\000s\000s\000\040\000I\000n\000d\000e\000x}{}
\BOOKMARK [1][-]{section.2.1}{\376\377\000C\000l\000a\000s\000s\000\040\000H\000i\000e\000r\000a\000r\000c\000h\000y}{chapter.2}
\BOOKMARK [0][-]{chapter.3}{\376\377\000C\000l\000a\000s\000s\000\040\000I\000n\000d\000e\000x}{}
\BOOKMARK [1][-]{section.3.1}{\376\377\000C\000l\000a\000s\000s\000\040\000L\000i\000s\000t}{chapter.3}
\BOOKMARK [0][-]{chapter.4}{\376\377\000F\000i\000l\000e\000\040\000I\000n\000d\000e\000x}{}
\BOOKMARK [1][-]{section.4.1}{\376\377\000F\000i\000l\000e\000\040\000L\000i\000s\000t}{chapter.4}
\BOOKMARK [0][-]{chapter.5}{\376\377\000N\000a\000m\000e\000s\000p\000a\000c\000e\000\040\000D\000o\000c\000u\000m\000e\000n\000t\000a\000t\000i\000o\000n}{}
\BOOKMARK [1][-]{section.5.1}{\376\377\000B\000r\000i\000s\000a\000C\000o\000r\000e\000\040\000N\000a\000m\000e\000s\000p\000a\000c\000e\000\040\000R\000e\000f\000e\000r\000e\000n\000c\000e}{chapter.5}
\BOOKMARK [1][-]{section.5.2}{\376\377\000B\000r\000i\000s\000a\000U\000p\000n\000p\000\040\000N\000a\000m\000e\000s\000p\000a\000c\000e\000\040\000R\000e\000f\000e\000r\000e\000n\000c\000e}{chapter.5}
\BOOKMARK [2][-]{subsection.5.2.1}{\376\377\000E\000n\000u\000m\000e\000r\000a\000t\000i\000o\000n\000\040\000T\000y\000p\000e\000\040\000D\000o\000c\000u\000m\000e\000n\000t\000a\000t\000i\000o\000n}{section.5.2}
\BOOKMARK [3][-]{subsubsection.5.2.1.1}{\376\377\000S\000a\000x\000P\000a\000r\000s\000e\000r\000S\000t\000a\000t\000e}{subsection.5.2.1}
\BOOKMARK [3][-]{subsubsection.5.2.1.2}{\376\377\000s\000a\000x\000P\000a\000r\000s\000e\000r\000S\000t\000a\000t\000e}{subsection.5.2.1}
\BOOKMARK [0][-]{chapter.6}{\376\377\000C\000l\000a\000s\000s\000\040\000D\000o\000c\000u\000m\000e\000n\000t\000a\000t\000i\000o\000n}{}
\BOOKMARK [1][-]{section.6.1}{\376\377\000B\000r\000i\000s\000a\000C\000o\000r\000e\000:\000:\000B\000r\000i\000s\000a\000C\000o\000n\000f\000i\000g\000u\000r\000a\000t\000i\000o\000n\000M\000a\000n\000a\000g\000e\000r\000\040\000C\000l\000a\000s\000s\000\040\000R\000e\000f\000e\000r\000e\000n\000c\000e}{chapter.6}
\BOOKMARK [2][-]{subsection.6.1.1}{\376\377\000D\000e\000t\000a\000i\000l\000e\000d\000\040\000D\000e\000s\000c\000r\000i\000p\000t\000i\000o\000n}{section.6.1}
\BOOKMARK [2][-]{subsection.6.1.2}{\376\377\000C\000o\000n\000s\000t\000r\000u\000c\000t\000o\000r\000\040\000\046\000\040\000D\000e\000s\000t\000r\000u\000c\000t\000o\000r\000\040\000D\000o\000c\000u\000m\000e\000n\000t\000a\000t\000i\000o\000n}{section.6.1}
\BOOKMARK [3][-]{subsubsection.6.1.2.1}{\376\377\000B\000r\000i\000s\000a\000C\000o\000n\000f\000i\000g\000u\000r\000a\000t\000i\000o\000n\000M\000a\000n\000a\000g\000e\000r}{subsection.6.1.2}
\BOOKMARK [2][-]{subsection.6.1.3}{\376\377\000M\000e\000m\000b\000e\000r\000\040\000F\000u\000n\000c\000t\000i\000o\000n\000\040\000D\000o\000c\000u\000m\000e\000n\000t\000a\000t\000i\000o\000n}{section.6.1}
\BOOKMARK [3][-]{subsubsection.6.1.3.1}{\376\377\000g\000e\000t\000D\000i\000r\000e\000c\000t\000A\000c\000c\000e\000s\000s}{subsection.6.1.3}
\BOOKMARK [3][-]{subsubsection.6.1.3.2}{\376\377\000g\000e\000t\000P\000a\000r\000a\000m\000e\000t\000e\000r}{subsection.6.1.3}
\BOOKMARK [3][-]{subsubsection.6.1.3.3}{\376\377\000g\000e\000t\000S\000e\000c\000t\000i\000o\000n\000N\000a\000m\000e\000s}{subsection.6.1.3}
\BOOKMARK [3][-]{subsubsection.6.1.3.4}{\376\377\000i\000t\000e\000m\000s}{subsection.6.1.3}
\BOOKMARK [3][-]{subsubsection.6.1.3.5}{\376\377\000r\000e\000m\000o\000v\000e\000S\000e\000c\000t\000i\000o\000n}{subsection.6.1.3}
\BOOKMARK [3][-]{subsubsection.6.1.3.6}{\376\377\000s\000a\000v\000e}{subsection.6.1.3}
\BOOKMARK [3][-]{subsubsection.6.1.3.7}{\376\377\000s\000e\000t\000D\000i\000r\000e\000c\000t\000A\000c\000c\000e\000s\000s}{subsection.6.1.3}
\BOOKMARK [3][-]{subsubsection.6.1.3.8}{\376\377\000s\000e\000t\000P\000a\000r\000a\000m\000e\000t\000e\000r}{subsection.6.1.3}
\BOOKMARK [3][-]{subsubsection.6.1.3.9}{\376\377\000u\000p\000d\000a\000t\000e}{subsection.6.1.3}
\BOOKMARK [1][-]{section.6.2}{\376\377\000B\000r\000i\000s\000a\000C\000o\000r\000e\000:\000:\000B\000r\000i\000s\000a\000W\000e\000b\000F\000i\000l\000e\000\040\000C\000l\000a\000s\000s\000\040\000R\000e\000f\000e\000r\000e\000n\000c\000e}{chapter.6}
\BOOKMARK [2][-]{subsection.6.2.1}{\376\377\000D\000e\000t\000a\000i\000l\000e\000d\000\040\000D\000e\000s\000c\000r\000i\000p\000t\000i\000o\000n}{section.6.2}
\BOOKMARK [2][-]{subsection.6.2.2}{\376\377\000C\000o\000n\000s\000t\000r\000u\000c\000t\000o\000r\000\040\000\046\000\040\000D\000e\000s\000t\000r\000u\000c\000t\000o\000r\000\040\000D\000o\000c\000u\000m\000e\000n\000t\000a\000t\000i\000o\000n}{section.6.2}
\BOOKMARK [3][-]{subsubsection.6.2.2.1}{\376\377\000B\000r\000i\000s\000a\000W\000e\000b\000F\000i\000l\000e}{subsection.6.2.2}
\BOOKMARK [3][-]{subsubsection.6.2.2.2}{\376\377\000B\000r\000i\000s\000a\000W\000e\000b\000F\000i\000l\000e}{subsection.6.2.2}
\BOOKMARK [2][-]{subsection.6.2.3}{\376\377\000M\000e\000m\000b\000e\000r\000\040\000F\000u\000n\000c\000t\000i\000o\000n\000\040\000D\000o\000c\000u\000m\000e\000n\000t\000a\000t\000i\000o\000n}{section.6.2}
\BOOKMARK [3][-]{subsubsection.6.2.3.1}{\376\377\000p\000a\000g\000e\000R\000e\000q\000u\000e\000s\000t\000e\000d\000E\000v\000e\000n\000t}{subsection.6.2.3}
\BOOKMARK [1][-]{section.6.3}{\376\377\000B\000r\000i\000s\000a\000C\000o\000r\000e\000:\000:\000B\000r\000i\000s\000a\000W\000e\000b\000s\000e\000r\000v\000e\000r\000\040\000C\000l\000a\000s\000s\000\040\000R\000e\000f\000e\000r\000e\000n\000c\000e}{chapter.6}
\BOOKMARK [2][-]{subsection.6.3.1}{\376\377\000D\000e\000t\000a\000i\000l\000e\000d\000\040\000D\000e\000s\000c\000r\000i\000p\000t\000i\000o\000n}{section.6.3}
\BOOKMARK [2][-]{subsection.6.3.2}{\376\377\000C\000o\000n\000s\000t\000r\000u\000c\000t\000o\000r\000\040\000\046\000\040\000D\000e\000s\000t\000r\000u\000c\000t\000o\000r\000\040\000D\000o\000c\000u\000m\000e\000n\000t\000a\000t\000i\000o\000n}{section.6.3}
\BOOKMARK [3][-]{subsubsection.6.3.2.1}{\376\377\000B\000r\000i\000s\000a\000W\000e\000b\000s\000e\000r\000v\000e\000r}{subsection.6.3.2}
\BOOKMARK [3][-]{subsubsection.6.3.2.2}{\376\377\000B\000r\000i\000s\000a\000W\000e\000b\000s\000e\000r\000v\000e\000r}{subsection.6.3.2}
\BOOKMARK [2][-]{subsection.6.3.3}{\376\377\000M\000e\000m\000b\000e\000r\000\040\000F\000u\000n\000c\000t\000i\000o\000n\000\040\000D\000o\000c\000u\000m\000e\000n\000t\000a\000t\000i\000o\000n}{section.6.3}
\BOOKMARK [3][-]{subsubsection.6.3.3.1}{\376\377\000a\000d\000d\000S\000e\000r\000v\000i\000c\000e}{subsection.6.3.3}
\BOOKMARK [3][-]{subsubsection.6.3.3.2}{\376\377\000i\000n\000c\000o\000m\000i\000n\000g\000R\000e\000q\000u\000e\000s\000t}{subsection.6.3.3}
\BOOKMARK [3][-]{subsubsection.6.3.3.3}{\376\377\000n\000e\000w\000S\000e\000s\000s\000i\000o\000n}{subsection.6.3.3}
\BOOKMARK [3][-]{subsubsection.6.3.3.4}{\376\377\000p\000u\000b\000l\000i\000s\000h\000F\000i\000l\000e}{subsection.6.3.3}
\BOOKMARK [1][-]{section.6.4}{\376\377\000B\000r\000i\000s\000a\000C\000o\000r\000e\000:\000:\000B\000r\000i\000s\000a\000W\000e\000b\000S\000e\000r\000v\000i\000c\000e\000\040\000C\000l\000a\000s\000s\000\040\000R\000e\000f\000e\000r\000e\000n\000c\000e}{chapter.6}
\BOOKMARK [2][-]{subsection.6.4.1}{\376\377\000D\000e\000t\000a\000i\000l\000e\000d\000\040\000D\000e\000s\000c\000r\000i\000p\000t\000i\000o\000n}{section.6.4}
\BOOKMARK [2][-]{subsection.6.4.2}{\376\377\000C\000o\000n\000s\000t\000r\000u\000c\000t\000o\000r\000\040\000\046\000\040\000D\000e\000s\000t\000r\000u\000c\000t\000o\000r\000\040\000D\000o\000c\000u\000m\000e\000n\000t\000a\000t\000i\000o\000n}{section.6.4}
\BOOKMARK [3][-]{subsubsection.6.4.2.1}{\376\377\000B\000r\000i\000s\000a\000W\000e\000b\000S\000e\000r\000v\000i\000c\000e}{subsection.6.4.2}
\BOOKMARK [3][-]{subsubsection.6.4.2.2}{\376\377\000B\000r\000i\000s\000a\000W\000e\000b\000S\000e\000r\000v\000i\000c\000e}{subsection.6.4.2}
\BOOKMARK [2][-]{subsection.6.4.3}{\376\377\000M\000e\000m\000b\000e\000r\000\040\000F\000u\000n\000c\000t\000i\000o\000n\000\040\000D\000o\000c\000u\000m\000e\000n\000t\000a\000t\000i\000o\000n}{section.6.4}
\BOOKMARK [3][-]{subsubsection.6.4.3.1}{\376\377\000g\000e\000n\000e\000r\000i\000c\000R\000e\000q\000u\000e\000s\000t\000R\000e\000c\000e\000i\000v\000e\000d}{subsection.6.4.3}
\BOOKMARK [3][-]{subsubsection.6.4.3.2}{\376\377\000g\000e\000n\000e\000r\000i\000c\000R\000e\000q\000u\000e\000s\000t\000R\000e\000c\000e\000i\000v\000e\000d}{subsection.6.4.3}
\BOOKMARK [3][-]{subsubsection.6.4.3.3}{\376\377\000p\000a\000g\000e\000R\000e\000q\000u\000e\000s\000t\000e\000d\000E\000v\000e\000n\000t}{subsection.6.4.3}
\BOOKMARK [3][-]{subsubsection.6.4.3.4}{\376\377\000r\000e\000s\000p\000o\000n\000d}{subsection.6.4.3}
\BOOKMARK [3][-]{subsubsection.6.4.3.5}{\376\377\000r\000e\000s\000p\000o\000n\000d}{subsection.6.4.3}
\BOOKMARK [3][-]{subsubsection.6.4.3.6}{\376\377\000r\000e\000s\000p\000o\000n\000d}{subsection.6.4.3}
\BOOKMARK [3][-]{subsubsection.6.4.3.7}{\376\377\000r\000e\000s\000p\000o\000n\000d}{subsection.6.4.3}
\BOOKMARK [1][-]{section.6.5}{\376\377\000B\000r\000i\000s\000a\000C\000o\000r\000e\000:\000:\000B\000r\000i\000s\000a\000W\000e\000b\000S\000e\000r\000v\000i\000c\000e\000P\000r\000o\000v\000i\000d\000e\000r\000\040\000C\000l\000a\000s\000s\000\040\000R\000e\000f\000e\000r\000e\000n\000c\000e}{chapter.6}
\BOOKMARK [2][-]{subsection.6.5.1}{\376\377\000D\000e\000t\000a\000i\000l\000e\000d\000\040\000D\000e\000s\000c\000r\000i\000p\000t\000i\000o\000n}{section.6.5}
\BOOKMARK [2][-]{subsection.6.5.2}{\376\377\000C\000o\000n\000s\000t\000r\000u\000c\000t\000o\000r\000\040\000\046\000\040\000D\000e\000s\000t\000r\000u\000c\000t\000o\000r\000\040\000D\000o\000c\000u\000m\000e\000n\000t\000a\000t\000i\000o\000n}{section.6.5}
\BOOKMARK [3][-]{subsubsection.6.5.2.1}{\376\377\000B\000r\000i\000s\000a\000W\000e\000b\000S\000e\000r\000v\000i\000c\000e\000P\000r\000o\000v\000i\000d\000e\000r}{subsection.6.5.2}
\BOOKMARK [3][-]{subsubsection.6.5.2.2}{\376\377\000B\000r\000i\000s\000a\000W\000e\000b\000S\000e\000r\000v\000i\000c\000e\000P\000r\000o\000v\000i\000d\000e\000r}{subsection.6.5.2}
\BOOKMARK [2][-]{subsection.6.5.3}{\376\377\000M\000e\000m\000b\000e\000r\000\040\000F\000u\000n\000c\000t\000i\000o\000n\000\040\000D\000o\000c\000u\000m\000e\000n\000t\000a\000t\000i\000o\000n}{section.6.5}
\BOOKMARK [3][-]{subsubsection.6.5.3.1}{\376\377\000a\000d\000d\000C\000o\000n\000t\000e\000n\000t}{subsection.6.5.3}
\BOOKMARK [3][-]{subsubsection.6.5.3.2}{\376\377\000a\000d\000d\000F\000i\000l\000e}{subsection.6.5.3}
\BOOKMARK [3][-]{subsubsection.6.5.3.3}{\376\377\000i\000n\000d\000e\000x\000R\000e\000q\000u\000e\000s\000t\000e\000d}{subsection.6.5.3}
\BOOKMARK [3][-]{subsubsection.6.5.3.4}{\376\377\000p\000a\000g\000e\000R\000e\000q\000u\000e\000s\000t\000e\000d\000E\000v\000e\000n\000t}{subsection.6.5.3}
\BOOKMARK [1][-]{section.6.6}{\376\377\000B\000r\000i\000s\000a\000C\000o\000r\000e\000:\000:\000B\000r\000i\000s\000a\000W\000e\000b\000S\000t\000a\000t\000i\000c\000C\000o\000n\000t\000e\000n\000t\000\040\000C\000l\000a\000s\000s\000\040\000R\000e\000f\000e\000r\000e\000n\000c\000e}{chapter.6}
\BOOKMARK [2][-]{subsection.6.6.1}{\376\377\000D\000e\000t\000a\000i\000l\000e\000d\000\040\000D\000e\000s\000c\000r\000i\000p\000t\000i\000o\000n}{section.6.6}
\BOOKMARK [2][-]{subsection.6.6.2}{\376\377\000C\000o\000n\000s\000t\000r\000u\000c\000t\000o\000r\000\040\000\046\000\040\000D\000e\000s\000t\000r\000u\000c\000t\000o\000r\000\040\000D\000o\000c\000u\000m\000e\000n\000t\000a\000t\000i\000o\000n}{section.6.6}
\BOOKMARK [3][-]{subsubsection.6.6.2.1}{\376\377\000B\000r\000i\000s\000a\000W\000e\000b\000S\000t\000a\000t\000i\000c\000C\000o\000n\000t\000e\000n\000t}{subsection.6.6.2}
\BOOKMARK [3][-]{subsubsection.6.6.2.2}{\376\377\000B\000r\000i\000s\000a\000W\000e\000b\000S\000t\000a\000t\000i\000c\000C\000o\000n\000t\000e\000n\000t}{subsection.6.6.2}
\BOOKMARK [2][-]{subsection.6.6.3}{\376\377\000M\000e\000m\000b\000e\000r\000\040\000F\000u\000n\000c\000t\000i\000o\000n\000\040\000D\000o\000c\000u\000m\000e\000n\000t\000a\000t\000i\000o\000n}{section.6.6}
\BOOKMARK [3][-]{subsubsection.6.6.3.1}{\376\377\000i\000n\000d\000e\000x}{subsection.6.6.3}
\BOOKMARK [1][-]{section.6.7}{\376\377\000B\000r\000i\000s\000a\000U\000p\000n\000p\000:\000:\000B\000r\000i\000s\000a\000A\000b\000s\000t\000r\000a\000c\000t\000E\000v\000e\000n\000t\000S\000u\000b\000s\000c\000r\000i\000p\000t\000i\000o\000n\000\040\000C\000l\000a\000s\000s\000\040\000R\000e\000f\000e\000r\000e\000n\000c\000e}{chapter.6}
\BOOKMARK [2][-]{subsection.6.7.1}{\376\377\000D\000e\000t\000a\000i\000l\000e\000d\000\040\000D\000e\000s\000c\000r\000i\000p\000t\000i\000o\000n}{section.6.7}
\BOOKMARK [2][-]{subsection.6.7.2}{\376\377\000C\000o\000n\000s\000t\000r\000u\000c\000t\000o\000r\000\040\000\046\000\040\000D\000e\000s\000t\000r\000u\000c\000t\000o\000r\000\040\000D\000o\000c\000u\000m\000e\000n\000t\000a\000t\000i\000o\000n}{section.6.7}
\BOOKMARK [3][-]{subsubsection.6.7.2.1}{\376\377\000B\000r\000i\000s\000a\000A\000b\000s\000t\000r\000a\000c\000t\000E\000v\000e\000n\000t\000S\000u\000b\000s\000c\000r\000i\000p\000t\000i\000o\000n}{subsection.6.7.2}
\BOOKMARK [2][-]{subsection.6.7.3}{\376\377\000M\000e\000m\000b\000e\000r\000\040\000F\000u\000n\000c\000t\000i\000o\000n\000\040\000D\000o\000c\000u\000m\000e\000n\000t\000a\000t\000i\000o\000n}{section.6.7}
\BOOKMARK [3][-]{subsubsection.6.7.3.1}{\376\377\000g\000e\000t\000C\000a\000l\000l\000b\000a\000c\000k\000U\000r\000l\000s}{subsection.6.7.3}
\BOOKMARK [3][-]{subsubsection.6.7.3.2}{\376\377\000g\000e\000t\000N\000e\000x\000t\000S\000e\000q}{subsection.6.7.3}
\BOOKMARK [3][-]{subsubsection.6.7.3.3}{\376\377\000g\000e\000t\000S\000i\000d}{subsection.6.7.3}
\BOOKMARK [3][-]{subsubsection.6.7.3.4}{\376\377\000g\000e\000t\000U\000r\000l}{subsection.6.7.3}
\BOOKMARK [3][-]{subsubsection.6.7.3.5}{\376\377\000h\000a\000s\000E\000x\000p\000i\000r\000e\000d}{subsection.6.7.3}
\BOOKMARK [3][-]{subsubsection.6.7.3.6}{\376\377\000r\000e\000n\000e\000w}{subsection.6.7.3}
\BOOKMARK [2][-]{subsection.6.7.4}{\376\377\000M\000e\000m\000b\000e\000r\000\040\000D\000a\000t\000a\000\040\000D\000o\000c\000u\000m\000e\000n\000t\000a\000t\000i\000o\000n}{section.6.7}
\BOOKMARK [3][-]{subsubsection.6.7.4.1}{\376\377\000C\000A\000L\000L\000B\000A\000C\000K\000\137\000U\000R\000L\000S}{subsection.6.7.4}
\BOOKMARK [3][-]{subsubsection.6.7.4.2}{\376\377\000d\000a\000t\000e}{subsection.6.7.4}
\BOOKMARK [3][-]{subsubsection.6.7.4.3}{\376\377\000f\000i\000r\000s\000t\000M\000e\000s\000s\000a\000g\000e\000S\000e\000n\000t}{subsection.6.7.4}
\BOOKMARK [3][-]{subsubsection.6.7.4.4}{\376\377\000l\000a\000s\000t\000S\000e\000q}{subsection.6.7.4}
\BOOKMARK [3][-]{subsubsection.6.7.4.5}{\376\377\000S\000I\000D}{subsection.6.7.4}
\BOOKMARK [3][-]{subsubsection.6.7.4.6}{\376\377\000t\000i\000m\000e\000o\000u\000t}{subsection.6.7.4}
\BOOKMARK [1][-]{section.6.8}{\376\377\000B\000r\000i\000s\000a\000U\000p\000n\000p\000:\000:\000B\000r\000i\000s\000a\000A\000b\000s\000t\000r\000a\000c\000t\000S\000e\000r\000v\000i\000c\000e\000\040\000C\000l\000a\000s\000s\000\040\000R\000e\000f\000e\000r\000e\000n\000c\000e}{chapter.6}
\BOOKMARK [2][-]{subsection.6.8.1}{\376\377\000D\000e\000t\000a\000i\000l\000e\000d\000\040\000D\000e\000s\000c\000r\000i\000p\000t\000i\000o\000n}{section.6.8}
\BOOKMARK [2][-]{subsection.6.8.2}{\376\377\000M\000e\000m\000b\000e\000r\000\040\000E\000n\000u\000m\000e\000r\000a\000t\000i\000o\000n\000\040\000D\000o\000c\000u\000m\000e\000n\000t\000a\000t\000i\000o\000n}{section.6.8}
\BOOKMARK [3][-]{subsubsection.6.8.2.1}{\376\377\000x\000m\000l\000T\000a\000g\000s}{subsection.6.8.2}
\BOOKMARK [2][-]{subsection.6.8.3}{\376\377\000C\000o\000n\000s\000t\000r\000u\000c\000t\000o\000r\000\040\000\046\000\040\000D\000e\000s\000t\000r\000u\000c\000t\000o\000r\000\040\000D\000o\000c\000u\000m\000e\000n\000t\000a\000t\000i\000o\000n}{section.6.8}
\BOOKMARK [3][-]{subsubsection.6.8.3.1}{\376\377\000B\000r\000i\000s\000a\000A\000b\000s\000t\000r\000a\000c\000t\000S\000e\000r\000v\000i\000c\000e}{subsection.6.8.3}
\BOOKMARK [3][-]{subsubsection.6.8.3.2}{\376\377\000B\000r\000i\000s\000a\000A\000b\000s\000t\000r\000a\000c\000t\000S\000e\000r\000v\000i\000c\000e}{subsection.6.8.3}
\BOOKMARK [3][-]{subsubsection.6.8.3.3}{\376\377\000B\000r\000i\000s\000a\000A\000b\000s\000t\000r\000a\000c\000t\000S\000e\000r\000v\000i\000c\000e}{subsection.6.8.3}
\BOOKMARK [3][-]{subsubsection.6.8.3.4}{\376\377\000B\000r\000i\000s\000a\000A\000b\000s\000t\000r\000a\000c\000t\000S\000e\000r\000v\000i\000c\000e}{subsection.6.8.3}
\BOOKMARK [2][-]{subsection.6.8.4}{\376\377\000M\000e\000m\000b\000e\000r\000\040\000F\000u\000n\000c\000t\000i\000o\000n\000\040\000D\000o\000c\000u\000m\000e\000n\000t\000a\000t\000i\000o\000n}{section.6.8}
\BOOKMARK [3][-]{subsubsection.6.8.4.1}{\376\377\000a\000d\000d\000A\000c\000t\000i\000o\000n}{subsection.6.8.4}
\BOOKMARK [3][-]{subsubsection.6.8.4.2}{\376\377\000a\000d\000d\000A\000c\000t\000i\000o\000n}{subsection.6.8.4}
\BOOKMARK [3][-]{subsubsection.6.8.4.3}{\376\377\000a\000d\000d\000S\000t\000a\000t\000e\000V\000a\000r\000i\000a\000b\000l\000e}{subsection.6.8.4}
\BOOKMARK [3][-]{subsubsection.6.8.4.4}{\376\377\000a\000d\000d\000S\000t\000a\000t\000e\000V\000a\000r\000i\000a\000b\000l\000e}{subsection.6.8.4}
\BOOKMARK [3][-]{subsubsection.6.8.4.5}{\376\377\000c\000a\000l\000l}{subsection.6.8.4}
\BOOKMARK [3][-]{subsubsection.6.8.4.6}{\376\377\000c\000l\000e\000a\000r}{subsection.6.8.4}
\BOOKMARK [3][-]{subsubsection.6.8.4.7}{\376\377\000g\000e\000t\000A\000c\000t\000i\000o\000n}{subsection.6.8.4}
\BOOKMARK [3][-]{subsubsection.6.8.4.8}{\376\377\000g\000e\000t\000A\000c\000t\000i\000o\000n\000L\000i\000s\000t}{subsection.6.8.4}
\BOOKMARK [3][-]{subsubsection.6.8.4.9}{\376\377\000g\000e\000t\000A\000t\000t\000r\000i\000b\000u\000t\000e}{subsection.6.8.4}
\BOOKMARK [3][-]{subsubsection.6.8.4.10}{\376\377\000g\000e\000t\000S\000t\000a\000t\000e\000V\000a\000r\000i\000a\000b\000l\000e\000L\000i\000s\000t}{subsection.6.8.4}
\BOOKMARK [3][-]{subsubsection.6.8.4.11}{\376\377\000r\000e\000q\000u\000e\000s\000t\000F\000i\000n\000i\000s\000h\000e\000d}{subsection.6.8.4}
\BOOKMARK [3][-]{subsubsection.6.8.4.12}{\376\377\000s\000e\000t\000A\000t\000t\000r\000i\000b\000u\000t\000e}{subsection.6.8.4}
\BOOKMARK [2][-]{subsection.6.8.5}{\376\377\000M\000e\000m\000b\000e\000r\000\040\000D\000a\000t\000a\000\040\000D\000o\000c\000u\000m\000e\000n\000t\000a\000t\000i\000o\000n}{section.6.8}
\BOOKMARK [3][-]{subsubsection.6.8.5.1}{\376\377\000a\000c\000t\000i\000o\000n\000L\000i\000s\000t}{subsection.6.8.5}
\BOOKMARK [3][-]{subsubsection.6.8.5.2}{\376\377\000c\000o\000n\000t\000r\000o\000l\000U\000r\000l}{subsection.6.8.5}
\BOOKMARK [3][-]{subsubsection.6.8.5.3}{\376\377\000e\000v\000e\000n\000t\000S\000u\000b\000U\000r\000l}{subsection.6.8.5}
\BOOKMARK [3][-]{subsubsection.6.8.5.4}{\376\377\000f\000i\000l\000e\000A\000d\000d\000r\000e\000s\000s}{subsection.6.8.5}
\BOOKMARK [3][-]{subsubsection.6.8.5.5}{\376\377\000h\000o\000s\000t}{subsection.6.8.5}
\BOOKMARK [3][-]{subsubsection.6.8.5.6}{\376\377\000h\000t\000t\000p}{subsection.6.8.5}
\BOOKMARK [3][-]{subsubsection.6.8.5.7}{\376\377\000m\000a\000j\000o\000r}{subsection.6.8.5}
\BOOKMARK [3][-]{subsubsection.6.8.5.8}{\376\377\000m\000i\000n\000o\000r}{subsection.6.8.5}
\BOOKMARK [3][-]{subsubsection.6.8.5.9}{\376\377\000p\000o\000r\000t}{subsection.6.8.5}
\BOOKMARK [3][-]{subsubsection.6.8.5.10}{\376\377\000s\000c\000p\000d\000U\000r\000l}{subsection.6.8.5}
\BOOKMARK [3][-]{subsubsection.6.8.5.11}{\376\377\000s\000e\000r\000v\000i\000c\000e\000I\000d}{subsection.6.8.5}
\BOOKMARK [3][-]{subsubsection.6.8.5.12}{\376\377\000s\000e\000r\000v\000i\000c\000e\000T\000y\000p\000e}{subsection.6.8.5}
\BOOKMARK [3][-]{subsubsection.6.8.5.13}{\376\377\000s\000t\000a\000t\000e\000V\000a\000r\000i\000a\000b\000l\000e\000L\000i\000s\000t}{subsection.6.8.5}
\BOOKMARK [1][-]{section.6.9}{\376\377\000B\000r\000i\000s\000a\000U\000p\000n\000p\000:\000:\000B\000r\000i\000s\000a\000A\000c\000t\000i\000o\000n\000\040\000C\000l\000a\000s\000s\000\040\000R\000e\000f\000e\000r\000e\000n\000c\000e}{chapter.6}
\BOOKMARK [2][-]{subsection.6.9.1}{\376\377\000D\000e\000t\000a\000i\000l\000e\000d\000\040\000D\000e\000s\000c\000r\000i\000p\000t\000i\000o\000n}{section.6.9}
\BOOKMARK [2][-]{subsection.6.9.2}{\376\377\000C\000o\000n\000s\000t\000r\000u\000c\000t\000o\000r\000\040\000\046\000\040\000D\000e\000s\000t\000r\000u\000c\000t\000o\000r\000\040\000D\000o\000c\000u\000m\000e\000n\000t\000a\000t\000i\000o\000n}{section.6.9}
\BOOKMARK [3][-]{subsubsection.6.9.2.1}{\376\377\000B\000r\000i\000s\000a\000A\000c\000t\000i\000o\000n}{subsection.6.9.2}
\BOOKMARK [3][-]{subsubsection.6.9.2.2}{\376\377\000B\000r\000i\000s\000a\000A\000c\000t\000i\000o\000n}{subsection.6.9.2}
\BOOKMARK [3][-]{subsubsection.6.9.2.3}{\376\377\000B\000r\000i\000s\000a\000A\000c\000t\000i\000o\000n}{subsection.6.9.2}
\BOOKMARK [2][-]{subsection.6.9.3}{\376\377\000M\000e\000m\000b\000e\000r\000\040\000F\000u\000n\000c\000t\000i\000o\000n\000\040\000D\000o\000c\000u\000m\000e\000n\000t\000a\000t\000i\000o\000n}{section.6.9}
\BOOKMARK [3][-]{subsubsection.6.9.3.1}{\376\377\000a\000d\000d\000A\000r\000g\000u\000m\000e\000n\000t}{subsection.6.9.3}
\BOOKMARK [3][-]{subsubsection.6.9.3.2}{\376\377\000a\000d\000d\000A\000r\000g\000u\000m\000e\000n\000t}{subsection.6.9.3}
\BOOKMARK [3][-]{subsubsection.6.9.3.3}{\376\377\000a\000d\000d\000A\000r\000g\000u\000m\000e\000n\000t\000s}{subsection.6.9.3}
\BOOKMARK [3][-]{subsubsection.6.9.3.4}{\376\377\000c\000a\000l\000l}{subsection.6.9.3}
\BOOKMARK [3][-]{subsubsection.6.9.3.5}{\376\377\000c\000l\000e\000a\000r\000A\000r\000g\000u\000m\000e\000n\000t\000L\000i\000s\000t}{subsection.6.9.3}
\BOOKMARK [3][-]{subsubsection.6.9.3.6}{\376\377\000g\000e\000t\000A\000r\000g\000u\000m\000e\000n\000t\000L\000i\000s\000t}{subsection.6.9.3}
\BOOKMARK [3][-]{subsubsection.6.9.3.7}{\376\377\000g\000e\000t\000N\000a\000m\000e}{subsection.6.9.3}
\BOOKMARK [3][-]{subsubsection.6.9.3.8}{\376\377\000g\000e\000t\000S\000e\000r\000v\000i\000c\000e}{subsection.6.9.3}
\BOOKMARK [3][-]{subsubsection.6.9.3.9}{\376\377\000g\000e\000t\000S\000t\000a\000t\000e\000V\000a\000r\000i\000a\000b\000l\000e}{subsection.6.9.3}
\BOOKMARK [3][-]{subsubsection.6.9.3.10}{\376\377\000r\000u\000n}{subsection.6.9.3}
\BOOKMARK [3][-]{subsubsection.6.9.3.11}{\376\377\000s\000e\000t\000N\000a\000m\000e}{subsection.6.9.3}
\BOOKMARK [3][-]{subsubsection.6.9.3.12}{\376\377\000s\000e\000t\000S\000e\000r\000v\000i\000c\000e}{subsection.6.9.3}
\BOOKMARK [1][-]{section.6.10}{\376\377\000B\000r\000i\000s\000a\000U\000p\000n\000p\000:\000:\000B\000r\000i\000s\000a\000A\000c\000t\000i\000o\000n\000X\000m\000l\000P\000a\000r\000s\000e\000r\000\040\000C\000l\000a\000s\000s\000\040\000R\000e\000f\000e\000r\000e\000n\000c\000e}{chapter.6}
\BOOKMARK [2][-]{subsection.6.10.1}{\376\377\000D\000e\000t\000a\000i\000l\000e\000d\000\040\000D\000e\000s\000c\000r\000i\000p\000t\000i\000o\000n}{section.6.10}
\BOOKMARK [2][-]{subsection.6.10.2}{\376\377\000C\000o\000n\000s\000t\000r\000u\000c\000t\000o\000r\000\040\000\046\000\040\000D\000e\000s\000t\000r\000u\000c\000t\000o\000r\000\040\000D\000o\000c\000u\000m\000e\000n\000t\000a\000t\000i\000o\000n}{section.6.10}
\BOOKMARK [3][-]{subsubsection.6.10.2.1}{\376\377\000B\000r\000i\000s\000a\000A\000c\000t\000i\000o\000n\000X\000m\000l\000P\000a\000r\000s\000e\000r}{subsection.6.10.2}
\BOOKMARK [3][-]{subsubsection.6.10.2.2}{\376\377\000B\000r\000i\000s\000a\000A\000c\000t\000i\000o\000n\000X\000m\000l\000P\000a\000r\000s\000e\000r}{subsection.6.10.2}
\BOOKMARK [2][-]{subsection.6.10.3}{\376\377\000M\000e\000m\000b\000e\000r\000\040\000F\000u\000n\000c\000t\000i\000o\000n\000\040\000D\000o\000c\000u\000m\000e\000n\000t\000a\000t\000i\000o\000n}{section.6.10}
\BOOKMARK [3][-]{subsubsection.6.10.3.1}{\376\377\000p\000a\000r\000s\000e\000E\000l\000e\000m\000e\000n\000t}{subsection.6.10.3}
\BOOKMARK [3][-]{subsubsection.6.10.3.2}{\376\377\000p\000a\000r\000s\000e\000S\000O\000A\000P}{subsection.6.10.3}
\BOOKMARK [3][-]{subsubsection.6.10.3.3}{\376\377\000s\000e\000t\000X\000m\000l\000C\000o\000n\000t\000e\000n\000t}{subsection.6.10.3}
\BOOKMARK [2][-]{subsection.6.10.4}{\376\377\000M\000e\000m\000b\000e\000r\000\040\000D\000a\000t\000a\000\040\000D\000o\000c\000u\000m\000e\000n\000t\000a\000t\000i\000o\000n}{section.6.10}
\BOOKMARK [3][-]{subsubsection.6.10.4.1}{\376\377\000a\000r\000g\000s}{subsection.6.10.4}
\BOOKMARK [3][-]{subsubsection.6.10.4.2}{\376\377\000m\000e\000t\000h\000o\000d}{subsection.6.10.4}
\BOOKMARK [3][-]{subsubsection.6.10.4.3}{\376\377\000s\000e\000r\000v\000i\000c\000e\000T\000y\000p\000e}{subsection.6.10.4}
\BOOKMARK [1][-]{section.6.11}{\376\377\000B\000r\000i\000s\000a\000U\000p\000n\000p\000:\000:\000B\000r\000i\000s\000a\000A\000r\000g\000u\000m\000e\000n\000t\000\040\000C\000l\000a\000s\000s\000\040\000R\000e\000f\000e\000r\000e\000n\000c\000e}{chapter.6}
\BOOKMARK [2][-]{subsection.6.11.1}{\376\377\000M\000e\000m\000b\000e\000r\000\040\000E\000n\000u\000m\000e\000r\000a\000t\000i\000o\000n\000\040\000D\000o\000c\000u\000m\000e\000n\000t\000a\000t\000i\000o\000n}{section.6.11}
\BOOKMARK [3][-]{subsubsection.6.11.1.1}{\376\377\000x\000m\000l\000A\000r\000g\000u\000m\000e\000n\000t}{subsection.6.11.1}
\BOOKMARK [2][-]{subsection.6.11.2}{\376\377\000C\000o\000n\000s\000t\000r\000u\000c\000t\000o\000r\000\040\000\046\000\040\000D\000e\000s\000t\000r\000u\000c\000t\000o\000r\000\040\000D\000o\000c\000u\000m\000e\000n\000t\000a\000t\000i\000o\000n}{section.6.11}
\BOOKMARK [3][-]{subsubsection.6.11.2.1}{\376\377\000B\000r\000i\000s\000a\000A\000r\000g\000u\000m\000e\000n\000t}{subsection.6.11.2}
\BOOKMARK [2][-]{subsection.6.11.3}{\376\377\000M\000e\000m\000b\000e\000r\000\040\000F\000u\000n\000c\000t\000i\000o\000n\000\040\000D\000o\000c\000u\000m\000e\000n\000t\000a\000t\000i\000o\000n}{section.6.11}
\BOOKMARK [3][-]{subsubsection.6.11.3.1}{\376\377\000c\000l\000e\000a\000r}{subsection.6.11.3}
\BOOKMARK [3][-]{subsubsection.6.11.3.2}{\376\377\000g\000e\000t\000A\000t\000t\000r\000i\000b\000u\000t\000e}{subsection.6.11.3}
\BOOKMARK [3][-]{subsubsection.6.11.3.3}{\376\377\000s\000e\000t\000A\000t\000t\000r\000i\000b\000u\000t\000e}{subsection.6.11.3}
\BOOKMARK [1][-]{section.6.12}{\376\377\000B\000r\000i\000s\000a\000U\000p\000n\000p\000:\000:\000B\000r\000i\000s\000a\000C\000o\000n\000t\000r\000o\000l\000P\000o\000i\000n\000t\000\040\000C\000l\000a\000s\000s\000\040\000R\000e\000f\000e\000r\000e\000n\000c\000e}{chapter.6}
\BOOKMARK [2][-]{subsection.6.12.1}{\376\377\000D\000e\000t\000a\000i\000l\000e\000d\000\040\000D\000e\000s\000c\000r\000i\000p\000t\000i\000o\000n}{section.6.12}
\BOOKMARK [2][-]{subsection.6.12.2}{\376\377\000C\000o\000n\000s\000t\000r\000u\000c\000t\000o\000r\000\040\000\046\000\040\000D\000e\000s\000t\000r\000u\000c\000t\000o\000r\000\040\000D\000o\000c\000u\000m\000e\000n\000t\000a\000t\000i\000o\000n}{section.6.12}
\BOOKMARK [3][-]{subsubsection.6.12.2.1}{\376\377\000B\000r\000i\000s\000a\000C\000o\000n\000t\000r\000o\000l\000P\000o\000i\000n\000t}{subsection.6.12.2}
\BOOKMARK [3][-]{subsubsection.6.12.2.2}{\376\377\000B\000r\000i\000s\000a\000C\000o\000n\000t\000r\000o\000l\000P\000o\000i\000n\000t}{subsection.6.12.2}
\BOOKMARK [2][-]{subsection.6.12.3}{\376\377\000M\000e\000m\000b\000e\000r\000\040\000F\000u\000n\000c\000t\000i\000o\000n\000\040\000D\000o\000c\000u\000m\000e\000n\000t\000a\000t\000i\000o\000n}{section.6.12}
\BOOKMARK [3][-]{subsubsection.6.12.3.1}{\376\377\000d\000e\000v\000i\000c\000e\000F\000o\000u\000n\000d}{subsection.6.12.3}
\BOOKMARK [3][-]{subsubsection.6.12.3.2}{\376\377\000d\000e\000v\000i\000c\000e\000G\000o\000n\000e}{subsection.6.12.3}
\BOOKMARK [3][-]{subsubsection.6.12.3.3}{\376\377\000d\000i\000s\000c\000o\000v\000e\000r}{subsection.6.12.3}
\BOOKMARK [3][-]{subsubsection.6.12.3.4}{\376\377\000g\000e\000t\000S\000u\000b\000s\000c\000r\000i\000p\000t\000i\000o\000n\000P\000r\000o\000x\000y}{subsection.6.12.3}
\BOOKMARK [3][-]{subsubsection.6.12.3.5}{\376\377\000i\000s\000R\000u\000n\000n\000i\000n\000g}{subsection.6.12.3}
\BOOKMARK [3][-]{subsubsection.6.12.3.6}{\376\377\000s\000t\000a\000r\000t}{subsection.6.12.3}
\BOOKMARK [3][-]{subsubsection.6.12.3.7}{\376\377\000s\000t\000o\000p}{subsection.6.12.3}
\BOOKMARK [1][-]{section.6.13}{\376\377\000B\000r\000i\000s\000a\000U\000p\000n\000p\000:\000:\000B\000r\000i\000s\000a\000C\000o\000n\000t\000r\000o\000l\000P\000o\000i\000n\000t\000D\000e\000v\000i\000c\000e\000\040\000C\000l\000a\000s\000s\000\040\000R\000e\000f\000e\000r\000e\000n\000c\000e}{chapter.6}
\BOOKMARK [2][-]{subsection.6.13.1}{\376\377\000D\000e\000t\000a\000i\000l\000e\000d\000\040\000D\000e\000s\000c\000r\000i\000p\000t\000i\000o\000n}{section.6.13}
\BOOKMARK [2][-]{subsection.6.13.2}{\376\377\000M\000e\000m\000b\000e\000r\000\040\000E\000n\000u\000m\000e\000r\000a\000t\000i\000o\000n\000\040\000D\000o\000c\000u\000m\000e\000n\000t\000a\000t\000i\000o\000n}{section.6.13}
\BOOKMARK [3][-]{subsubsection.6.13.2.1}{\376\377\000x\000m\000l\000T\000a\000g\000s}{subsection.6.13.2}
\BOOKMARK [2][-]{subsection.6.13.3}{\376\377\000C\000o\000n\000s\000t\000r\000u\000c\000t\000o\000r\000\040\000\046\000\040\000D\000e\000s\000t\000r\000u\000c\000t\000o\000r\000\040\000D\000o\000c\000u\000m\000e\000n\000t\000a\000t\000i\000o\000n}{section.6.13}
\BOOKMARK [3][-]{subsubsection.6.13.3.1}{\376\377\000B\000r\000i\000s\000a\000C\000o\000n\000t\000r\000o\000l\000P\000o\000i\000n\000t\000D\000e\000v\000i\000c\000e}{subsection.6.13.3}
\BOOKMARK [3][-]{subsubsection.6.13.3.2}{\376\377\000B\000r\000i\000s\000a\000C\000o\000n\000t\000r\000o\000l\000P\000o\000i\000n\000t\000D\000e\000v\000i\000c\000e}{subsection.6.13.3}
\BOOKMARK [3][-]{subsubsection.6.13.3.3}{\376\377\000B\000r\000i\000s\000a\000C\000o\000n\000t\000r\000o\000l\000P\000o\000i\000n\000t\000D\000e\000v\000i\000c\000e}{subsection.6.13.3}
\BOOKMARK [3][-]{subsubsection.6.13.3.4}{\376\377\000B\000r\000i\000s\000a\000C\000o\000n\000t\000r\000o\000l\000P\000o\000i\000n\000t\000D\000e\000v\000i\000c\000e}{subsection.6.13.3}
\BOOKMARK [3][-]{subsubsection.6.13.3.5}{\376\377\000B\000r\000i\000s\000a\000C\000o\000n\000t\000r\000o\000l\000P\000o\000i\000n\000t\000D\000e\000v\000i\000c\000e}{subsection.6.13.3}
\BOOKMARK [2][-]{subsection.6.13.4}{\376\377\000M\000e\000m\000b\000e\000r\000\040\000F\000u\000n\000c\000t\000i\000o\000n\000\040\000D\000o\000c\000u\000m\000e\000n\000t\000a\000t\000i\000o\000n}{section.6.13}
\BOOKMARK [3][-]{subsubsection.6.13.4.1}{\376\377\000a\000d\000d\000D\000e\000v\000i\000c\000e}{subsection.6.13.4}
\BOOKMARK [3][-]{subsubsection.6.13.4.2}{\376\377\000a\000d\000d\000I\000c\000o\000n}{subsection.6.13.4}
\BOOKMARK [3][-]{subsubsection.6.13.4.3}{\376\377\000a\000d\000d\000S\000e\000r\000v\000i\000c\000e}{subsection.6.13.4}
\BOOKMARK [3][-]{subsubsection.6.13.4.4}{\376\377\000c\000l\000e\000a\000r}{subsection.6.13.4}
\BOOKMARK [3][-]{subsubsection.6.13.4.5}{\376\377\000g\000e\000t\000A\000t\000t\000r\000i\000b\000u\000t\000e}{subsection.6.13.4}
\BOOKMARK [3][-]{subsubsection.6.13.4.6}{\376\377\000g\000e\000t\000E\000m\000b\000e\000d\000d\000e\000d\000D\000e\000v\000i\000c\000e\000L\000i\000s\000t}{subsection.6.13.4}
\BOOKMARK [3][-]{subsubsection.6.13.4.7}{\376\377\000g\000e\000t\000I\000c\000o\000n\000L\000i\000s\000t}{subsection.6.13.4}
\BOOKMARK [3][-]{subsubsection.6.13.4.8}{\376\377\000g\000e\000t\000S\000e\000r\000v\000i\000c\000e\000B\000y\000I\000d}{subsection.6.13.4}
\BOOKMARK [3][-]{subsubsection.6.13.4.9}{\376\377\000g\000e\000t\000S\000e\000r\000v\000i\000c\000e\000B\000y\000T\000y\000p\000e}{subsection.6.13.4}
\BOOKMARK [3][-]{subsubsection.6.13.4.10}{\376\377\000g\000e\000t\000S\000e\000r\000v\000i\000c\000e\000L\000i\000s\000t}{subsection.6.13.4}
\BOOKMARK [3][-]{subsubsection.6.13.4.11}{\376\377\000s\000e\000t\000A\000t\000t\000r\000i\000b\000u\000t\000e}{subsection.6.13.4}
\BOOKMARK [1][-]{section.6.14}{\376\377\000B\000r\000i\000s\000a\000U\000p\000n\000p\000:\000:\000B\000r\000i\000s\000a\000C\000o\000n\000t\000r\000o\000l\000P\000o\000i\000n\000t\000S\000e\000r\000v\000i\000c\000e\000\040\000C\000l\000a\000s\000s\000\040\000R\000e\000f\000e\000r\000e\000n\000c\000e}{chapter.6}
\BOOKMARK [2][-]{subsection.6.14.1}{\376\377\000D\000e\000t\000a\000i\000l\000e\000d\000\040\000D\000e\000s\000c\000r\000i\000p\000t\000i\000o\000n}{section.6.14}
\BOOKMARK [2][-]{subsection.6.14.2}{\376\377\000C\000o\000n\000s\000t\000r\000u\000c\000t\000o\000r\000\040\000\046\000\040\000D\000e\000s\000t\000r\000u\000c\000t\000o\000r\000\040\000D\000o\000c\000u\000m\000e\000n\000t\000a\000t\000i\000o\000n}{section.6.14}
\BOOKMARK [3][-]{subsubsection.6.14.2.1}{\376\377\000B\000r\000i\000s\000a\000C\000o\000n\000t\000r\000o\000l\000P\000o\000i\000n\000t\000S\000e\000r\000v\000i\000c\000e}{subsection.6.14.2}
\BOOKMARK [3][-]{subsubsection.6.14.2.2}{\376\377\000B\000r\000i\000s\000a\000C\000o\000n\000t\000r\000o\000l\000P\000o\000i\000n\000t\000S\000e\000r\000v\000i\000c\000e}{subsection.6.14.2}
\BOOKMARK [3][-]{subsubsection.6.14.2.3}{\376\377\000B\000r\000i\000s\000a\000C\000o\000n\000t\000r\000o\000l\000P\000o\000i\000n\000t\000S\000e\000r\000v\000i\000c\000e}{subsection.6.14.2}
\BOOKMARK [2][-]{subsection.6.14.3}{\376\377\000M\000e\000m\000b\000e\000r\000\040\000F\000u\000n\000c\000t\000i\000o\000n\000\040\000D\000o\000c\000u\000m\000e\000n\000t\000a\000t\000i\000o\000n}{section.6.14}
\BOOKMARK [3][-]{subsubsection.6.14.3.1}{\376\377\000c\000a\000l\000l}{subsection.6.14.3}
\BOOKMARK [3][-]{subsubsection.6.14.3.2}{\376\377\000p\000a\000r\000s\000e\000F\000r\000o\000m\000X\000m\000l}{subsection.6.14.3}
\BOOKMARK [1][-]{section.6.15}{\376\377\000B\000r\000i\000s\000a\000U\000p\000n\000p\000:\000:\000B\000r\000i\000s\000a\000D\000e\000v\000i\000c\000e\000\040\000C\000l\000a\000s\000s\000\040\000R\000e\000f\000e\000r\000e\000n\000c\000e}{chapter.6}
\BOOKMARK [2][-]{subsection.6.15.1}{\376\377\000D\000e\000t\000a\000i\000l\000e\000d\000\040\000D\000e\000s\000c\000r\000i\000p\000t\000i\000o\000n}{section.6.15}
\BOOKMARK [2][-]{subsection.6.15.2}{\376\377\000M\000e\000m\000b\000e\000r\000\040\000E\000n\000u\000m\000e\000r\000a\000t\000i\000o\000n\000\040\000D\000o\000c\000u\000m\000e\000n\000t\000a\000t\000i\000o\000n}{section.6.15}
\BOOKMARK [3][-]{subsubsection.6.15.2.1}{\376\377\000x\000m\000l\000T\000a\000g\000s}{subsection.6.15.2}
\BOOKMARK [2][-]{subsection.6.15.3}{\376\377\000C\000o\000n\000s\000t\000r\000u\000c\000t\000o\000r\000\040\000\046\000\040\000D\000e\000s\000t\000r\000u\000c\000t\000o\000r\000\040\000D\000o\000c\000u\000m\000e\000n\000t\000a\000t\000i\000o\000n}{section.6.15}
\BOOKMARK [3][-]{subsubsection.6.15.3.1}{\376\377\000B\000r\000i\000s\000a\000D\000e\000v\000i\000c\000e}{subsection.6.15.3}
\BOOKMARK [3][-]{subsubsection.6.15.3.2}{\376\377\000B\000r\000i\000s\000a\000D\000e\000v\000i\000c\000e}{subsection.6.15.3}
\BOOKMARK [3][-]{subsubsection.6.15.3.3}{\376\377\000B\000r\000i\000s\000a\000D\000e\000v\000i\000c\000e}{subsection.6.15.3}
\BOOKMARK [3][-]{subsubsection.6.15.3.4}{\376\377\000B\000r\000i\000s\000a\000D\000e\000v\000i\000c\000e}{subsection.6.15.3}
\BOOKMARK [2][-]{subsection.6.15.4}{\376\377\000M\000e\000m\000b\000e\000r\000\040\000F\000u\000n\000c\000t\000i\000o\000n\000\040\000D\000o\000c\000u\000m\000e\000n\000t\000a\000t\000i\000o\000n}{section.6.15}
\BOOKMARK [3][-]{subsubsection.6.15.4.1}{\376\377\000a\000d\000d\000E\000m\000b\000e\000d\000d\000e\000d\000D\000e\000v\000i\000c\000e}{subsection.6.15.4}
\BOOKMARK [3][-]{subsubsection.6.15.4.2}{\376\377\000a\000d\000d\000E\000m\000b\000e\000d\000d\000e\000d\000D\000e\000v\000i\000c\000e}{subsection.6.15.4}
\BOOKMARK [3][-]{subsubsection.6.15.4.3}{\376\377\000a\000d\000d\000I\000c\000o\000n}{subsection.6.15.4}
\BOOKMARK [3][-]{subsubsection.6.15.4.4}{\376\377\000a\000d\000d\000S\000e\000r\000v\000i\000c\000e}{subsection.6.15.4}
\BOOKMARK [3][-]{subsubsection.6.15.4.5}{\376\377\000a\000d\000d\000S\000e\000r\000v\000i\000c\000e}{subsection.6.15.4}
\BOOKMARK [3][-]{subsubsection.6.15.4.6}{\376\377\000c\000l\000e\000a\000r}{subsection.6.15.4}
\BOOKMARK [3][-]{subsubsection.6.15.4.7}{\376\377\000d\000o\000B\000y\000e\000B\000y\000e}{subsection.6.15.4}
\BOOKMARK [3][-]{subsubsection.6.15.4.8}{\376\377\000d\000o\000N\000o\000t\000i\000f\000y}{subsection.6.15.4}
\BOOKMARK [3][-]{subsubsection.6.15.4.9}{\376\377\000g\000e\000t\000A\000t\000t\000r\000i\000b\000u\000t\000e}{subsection.6.15.4}
\BOOKMARK [3][-]{subsubsection.6.15.4.10}{\376\377\000g\000e\000t\000E\000m\000b\000e\000d\000d\000e\000d\000D\000e\000v\000i\000c\000e\000L\000i\000s\000t}{subsection.6.15.4}
\BOOKMARK [3][-]{subsubsection.6.15.4.11}{\376\377\000g\000e\000t\000I\000c\000o\000n\000L\000i\000s\000t}{subsection.6.15.4}
\BOOKMARK [3][-]{subsubsection.6.15.4.12}{\376\377\000g\000e\000t\000S\000e\000r\000v\000i\000c\000e\000B\000y\000I\000d}{subsection.6.15.4}
\BOOKMARK [3][-]{subsubsection.6.15.4.13}{\376\377\000g\000e\000t\000S\000e\000r\000v\000i\000c\000e\000B\000y\000T\000y\000p\000e}{subsection.6.15.4}
\BOOKMARK [3][-]{subsubsection.6.15.4.14}{\376\377\000g\000e\000t\000S\000e\000r\000v\000i\000c\000e\000L\000i\000s\000t}{subsection.6.15.4}
\BOOKMARK [3][-]{subsubsection.6.15.4.15}{\376\377\000o\000p\000e\000r\000a\000t\000o\000r\000=}{subsection.6.15.4}
\BOOKMARK [3][-]{subsubsection.6.15.4.16}{\376\377\000r\000e\000s\000p\000o\000n\000d\000M\000S\000e\000a\000r\000c\000h}{subsection.6.15.4}
\BOOKMARK [3][-]{subsubsection.6.15.4.17}{\376\377\000s\000e\000t\000A\000t\000t\000r\000i\000b\000u\000t\000e}{subsection.6.15.4}
\BOOKMARK [3][-]{subsubsection.6.15.4.18}{\376\377\000s\000t\000a\000r\000t}{subsection.6.15.4}
\BOOKMARK [3][-]{subsubsection.6.15.4.19}{\376\377\000s\000t\000o\000p}{subsection.6.15.4}
\BOOKMARK [1][-]{section.6.16}{\376\377\000B\000r\000i\000s\000a\000U\000p\000n\000p\000:\000:\000B\000r\000i\000s\000a\000D\000e\000v\000i\000c\000e\000P\000a\000r\000s\000e\000r\000C\000o\000n\000t\000e\000x\000t\000\040\000C\000l\000a\000s\000s\000\040\000R\000e\000f\000e\000r\000e\000n\000c\000e}{chapter.6}
\BOOKMARK [2][-]{subsection.6.16.1}{\376\377\000C\000o\000n\000s\000t\000r\000u\000c\000t\000o\000r\000\040\000\046\000\040\000D\000e\000s\000t\000r\000u\000c\000t\000o\000r\000\040\000D\000o\000c\000u\000m\000e\000n\000t\000a\000t\000i\000o\000n}{section.6.16}
\BOOKMARK [3][-]{subsubsection.6.16.1.1}{\376\377\000B\000r\000i\000s\000a\000D\000e\000v\000i\000c\000e\000P\000a\000r\000s\000e\000r\000C\000o\000n\000t\000e\000x\000t}{subsection.6.16.1}
\BOOKMARK [2][-]{subsection.6.16.2}{\376\377\000M\000e\000m\000b\000e\000r\000\040\000F\000u\000n\000c\000t\000i\000o\000n\000\040\000D\000o\000c\000u\000m\000e\000n\000t\000a\000t\000i\000o\000n}{section.6.16}
\BOOKMARK [3][-]{subsubsection.6.16.2.1}{\376\377\000g\000e\000t\000D\000e\000v\000i\000c\000e}{subsection.6.16.2}
\BOOKMARK [3][-]{subsubsection.6.16.2.2}{\376\377\000g\000e\000t\000I\000c\000o\000n}{subsection.6.16.2}
\BOOKMARK [3][-]{subsubsection.6.16.2.3}{\376\377\000g\000e\000t\000P\000a\000r\000e\000n\000t}{subsection.6.16.2}
\BOOKMARK [3][-]{subsubsection.6.16.2.4}{\376\377\000g\000e\000t\000S\000e\000r\000v\000i\000c\000e}{subsection.6.16.2}
\BOOKMARK [3][-]{subsubsection.6.16.2.5}{\376\377\000h\000a\000s\000P\000a\000r\000e\000n\000t}{subsection.6.16.2}
\BOOKMARK [3][-]{subsubsection.6.16.2.6}{\376\377\000s\000e\000t\000D\000e\000v\000i\000c\000e}{subsection.6.16.2}
\BOOKMARK [3][-]{subsubsection.6.16.2.7}{\376\377\000s\000e\000t\000I\000c\000o\000n}{subsection.6.16.2}
\BOOKMARK [3][-]{subsubsection.6.16.2.8}{\376\377\000s\000e\000t\000S\000e\000r\000v\000i\000c\000e}{subsection.6.16.2}
\BOOKMARK [2][-]{subsection.6.16.3}{\376\377\000M\000e\000m\000b\000e\000r\000\040\000D\000a\000t\000a\000\040\000D\000o\000c\000u\000m\000e\000n\000t\000a\000t\000i\000o\000n}{section.6.16}
\BOOKMARK [3][-]{subsubsection.6.16.3.1}{\376\377\000s\000t\000a\000t\000e}{subsection.6.16.3}
\BOOKMARK [3][-]{subsubsection.6.16.3.2}{\376\377\000s\000t\000a\000t\000e\000S\000k\000i\000p}{subsection.6.16.3}
\BOOKMARK [1][-]{section.6.17}{\376\377\000B\000r\000i\000s\000a\000U\000p\000n\000p\000:\000:\000B\000r\000i\000s\000a\000D\000e\000v\000i\000c\000e\000X\000M\000L\000H\000a\000n\000d\000l\000e\000r\000\040\000C\000l\000a\000s\000s\000\040\000R\000e\000f\000e\000r\000e\000n\000c\000e}{chapter.6}
\BOOKMARK [2][-]{subsection.6.17.1}{\376\377\000M\000e\000m\000b\000e\000r\000\040\000F\000u\000n\000c\000t\000i\000o\000n\000\040\000D\000o\000c\000u\000m\000e\000n\000t\000a\000t\000i\000o\000n}{section.6.17}
\BOOKMARK [3][-]{subsubsection.6.17.1.1}{\376\377\000x\000m\000l\000G\000e\000n\000e\000r\000a\000t\000o\000r}{subsection.6.17.1}
\BOOKMARK [1][-]{section.6.18}{\376\377\000B\000r\000i\000s\000a\000U\000p\000n\000p\000:\000:\000B\000r\000i\000s\000a\000D\000e\000v\000i\000c\000e\000X\000M\000L\000H\000a\000n\000d\000l\000e\000r\000C\000P\000\040\000C\000l\000a\000s\000s\000\040\000R\000e\000f\000e\000r\000e\000n\000c\000e}{chapter.6}
\BOOKMARK [2][-]{subsection.6.18.1}{\376\377\000D\000e\000t\000a\000i\000l\000e\000d\000\040\000D\000e\000s\000c\000r\000i\000p\000t\000i\000o\000n}{section.6.18}
\BOOKMARK [2][-]{subsection.6.18.2}{\376\377\000M\000e\000m\000b\000e\000r\000\040\000F\000u\000n\000c\000t\000i\000o\000n\000\040\000D\000o\000c\000u\000m\000e\000n\000t\000a\000t\000i\000o\000n}{section.6.18}
\BOOKMARK [3][-]{subsubsection.6.18.2.1}{\376\377\000c\000h\000a\000r\000a\000c\000t\000e\000r\000s}{subsection.6.18.2}
\BOOKMARK [3][-]{subsubsection.6.18.2.2}{\376\377\000e\000n\000d\000E\000l\000e\000m\000e\000n\000t}{subsection.6.18.2}
\BOOKMARK [3][-]{subsubsection.6.18.2.3}{\376\377\000p\000a\000r\000s\000e\000D\000e\000v\000i\000c\000e}{subsection.6.18.2}
\BOOKMARK [3][-]{subsubsection.6.18.2.4}{\376\377\000s\000t\000a\000r\000t\000E\000l\000e\000m\000e\000n\000t}{subsection.6.18.2}
\BOOKMARK [1][-]{section.6.19}{\376\377\000B\000r\000i\000s\000a\000U\000p\000n\000p\000:\000:\000B\000r\000i\000s\000a\000E\000v\000e\000n\000t\000C\000o\000n\000t\000r\000o\000l\000l\000e\000r\000\040\000C\000l\000a\000s\000s\000\040\000R\000e\000f\000e\000r\000e\000n\000c\000e}{chapter.6}
\BOOKMARK [2][-]{subsection.6.19.1}{\376\377\000C\000o\000n\000s\000t\000r\000u\000c\000t\000o\000r\000\040\000\046\000\040\000D\000e\000s\000t\000r\000u\000c\000t\000o\000r\000\040\000D\000o\000c\000u\000m\000e\000n\000t\000a\000t\000i\000o\000n}{section.6.19}
\BOOKMARK [3][-]{subsubsection.6.19.1.1}{\376\377\000B\000r\000i\000s\000a\000E\000v\000e\000n\000t\000C\000o\000n\000t\000r\000o\000l\000l\000e\000r}{subsection.6.19.1}
\BOOKMARK [3][-]{subsubsection.6.19.1.2}{\376\377\000B\000r\000i\000s\000a\000E\000v\000e\000n\000t\000C\000o\000n\000t\000r\000o\000l\000l\000e\000r}{subsection.6.19.1}
\BOOKMARK [2][-]{subsection.6.19.2}{\376\377\000M\000e\000m\000b\000e\000r\000\040\000F\000u\000n\000c\000t\000i\000o\000n\000\040\000D\000o\000c\000u\000m\000e\000n\000t\000a\000t\000i\000o\000n}{section.6.19}
\BOOKMARK [3][-]{subsubsection.6.19.2.1}{\376\377\000p\000a\000r\000s\000e\000G\000e\000n\000e\000r\000i\000c\000R\000e\000q\000u\000e\000s\000t}{subsection.6.19.2}
\BOOKMARK [3][-]{subsubsection.6.19.2.2}{\376\377\000s\000u\000b\000s\000c\000r\000i\000b\000e}{subsection.6.19.2}
\BOOKMARK [3][-]{subsubsection.6.19.2.3}{\376\377\000u\000n\000s\000u\000b\000s\000c\000r\000i\000b\000e}{subsection.6.19.2}
\BOOKMARK [3][-]{subsubsection.6.19.2.4}{\376\377\000v\000a\000r\000i\000a\000b\000l\000e\000C\000h\000a\000n\000g\000e\000d}{subsection.6.19.2}
\BOOKMARK [1][-]{section.6.20}{\376\377\000B\000r\000i\000s\000a\000U\000p\000n\000p\000:\000:\000B\000r\000i\000s\000a\000E\000v\000e\000n\000t\000M\000e\000s\000s\000a\000g\000e\000\040\000C\000l\000a\000s\000s\000\040\000R\000e\000f\000e\000r\000e\000n\000c\000e}{chapter.6}
\BOOKMARK [2][-]{subsection.6.20.1}{\376\377\000C\000o\000n\000s\000t\000r\000u\000c\000t\000o\000r\000\040\000\046\000\040\000D\000e\000s\000t\000r\000u\000c\000t\000o\000r\000\040\000D\000o\000c\000u\000m\000e\000n\000t\000a\000t\000i\000o\000n}{section.6.20}
\BOOKMARK [3][-]{subsubsection.6.20.1.1}{\376\377\000B\000r\000i\000s\000a\000E\000v\000e\000n\000t\000M\000e\000s\000s\000a\000g\000e}{subsection.6.20.1}
\BOOKMARK [2][-]{subsection.6.20.2}{\376\377\000M\000e\000m\000b\000e\000r\000\040\000F\000u\000n\000c\000t\000i\000o\000n\000\040\000D\000o\000c\000u\000m\000e\000n\000t\000a\000t\000i\000o\000n}{section.6.20}
\BOOKMARK [3][-]{subsubsection.6.20.2.1}{\376\377\000g\000e\000t\000M\000e\000s\000s\000a\000g\000e\000B\000o\000d\000y}{subsection.6.20.2}
\BOOKMARK [3][-]{subsubsection.6.20.2.2}{\376\377\000g\000e\000t\000M\000e\000s\000s\000a\000g\000e\000H\000e\000a\000d\000e\000r}{subsection.6.20.2}
\BOOKMARK [1][-]{section.6.21}{\376\377\000B\000r\000i\000s\000a\000U\000p\000n\000p\000:\000:\000B\000r\000i\000s\000a\000E\000v\000e\000n\000t\000P\000r\000o\000x\000y\000\040\000C\000l\000a\000s\000s\000\040\000R\000e\000f\000e\000r\000e\000n\000c\000e}{chapter.6}
\BOOKMARK [2][-]{subsection.6.21.1}{\376\377\000D\000e\000t\000a\000i\000l\000e\000d\000\040\000D\000e\000s\000c\000r\000i\000p\000t\000i\000o\000n}{section.6.21}
\BOOKMARK [2][-]{subsection.6.21.2}{\376\377\000C\000o\000n\000s\000t\000r\000u\000c\000t\000o\000r\000\040\000\046\000\040\000D\000e\000s\000t\000r\000u\000c\000t\000o\000r\000\040\000D\000o\000c\000u\000m\000e\000n\000t\000a\000t\000i\000o\000n}{section.6.21}
\BOOKMARK [3][-]{subsubsection.6.21.2.1}{\376\377\000B\000r\000i\000s\000a\000E\000v\000e\000n\000t\000P\000r\000o\000x\000y}{subsection.6.21.2}
\BOOKMARK [2][-]{subsection.6.21.3}{\376\377\000M\000e\000m\000b\000e\000r\000\040\000F\000u\000n\000c\000t\000i\000o\000n\000\040\000D\000o\000c\000u\000m\000e\000n\000t\000a\000t\000i\000o\000n}{section.6.21}
\BOOKMARK [3][-]{subsubsection.6.21.3.1}{\376\377\000e\000v\000e\000n\000t\000N\000o\000t\000i\000f\000i\000c\000a\000t\000i\000o\000n}{subsection.6.21.3}
\BOOKMARK [3][-]{subsubsection.6.21.3.2}{\376\377\000g\000e\000t\000I\000d}{subsection.6.21.3}
\BOOKMARK [3][-]{subsubsection.6.21.3.3}{\376\377\000r\000e\000n\000e\000w}{subsection.6.21.3}
\BOOKMARK [3][-]{subsubsection.6.21.3.4}{\376\377\000s\000u\000b\000s\000c\000r\000i\000b\000e}{subsection.6.21.3}
\BOOKMARK [3][-]{subsubsection.6.21.3.5}{\376\377\000u\000n\000s\000u\000b\000s\000c\000r\000i\000b\000e}{subsection.6.21.3}
\BOOKMARK [2][-]{subsection.6.21.4}{\376\377\000F\000r\000i\000e\000n\000d\000s\000\040\000A\000n\000d\000\040\000R\000e\000l\000a\000t\000e\000d\000\040\000F\000u\000n\000c\000t\000i\000o\000n\000\040\000D\000o\000c\000u\000m\000e\000n\000t\000a\000t\000i\000o\000n}{section.6.21}
\BOOKMARK [3][-]{subsubsection.6.21.4.1}{\376\377\000B\000r\000i\000s\000a\000C\000o\000n\000t\000r\000o\000l\000P\000o\000i\000n\000t}{subsection.6.21.4}
\BOOKMARK [1][-]{section.6.22}{\376\377\000B\000r\000i\000s\000a\000U\000p\000n\000p\000:\000:\000B\000r\000i\000s\000a\000E\000v\000e\000n\000t\000S\000u\000b\000s\000c\000r\000i\000p\000t\000i\000o\000n\000\040\000C\000l\000a\000s\000s\000\040\000R\000e\000f\000e\000r\000e\000n\000c\000e}{chapter.6}
\BOOKMARK [2][-]{subsection.6.22.1}{\376\377\000C\000o\000n\000s\000t\000r\000u\000c\000t\000o\000r\000\040\000\046\000\040\000D\000e\000s\000t\000r\000u\000c\000t\000o\000r\000\040\000D\000o\000c\000u\000m\000e\000n\000t\000a\000t\000i\000o\000n}{section.6.22}
\BOOKMARK [3][-]{subsubsection.6.22.1.1}{\376\377\000B\000r\000i\000s\000a\000E\000v\000e\000n\000t\000S\000u\000b\000s\000c\000r\000i\000p\000t\000i\000o\000n}{subsection.6.22.1}
\BOOKMARK [2][-]{subsection.6.22.2}{\376\377\000M\000e\000m\000b\000e\000r\000\040\000F\000u\000n\000c\000t\000i\000o\000n\000\040\000D\000o\000c\000u\000m\000e\000n\000t\000a\000t\000i\000o\000n}{section.6.22}
\BOOKMARK [3][-]{subsubsection.6.22.2.1}{\376\377\000g\000e\000t\000A\000c\000c\000e\000p\000t\000S\000u\000b\000s\000c\000r\000i\000p\000t\000i\000o\000n\000R\000e\000s\000p\000o\000n\000s\000e}{subsection.6.22.2}
\BOOKMARK [3][-]{subsubsection.6.22.2.2}{\376\377\000g\000e\000t\000A\000c\000c\000e\000p\000t\000U\000n\000s\000u\000b\000s\000c\000r\000i\000p\000t\000i\000o\000n\000R\000e\000s\000p\000o\000n\000s\000e}{subsection.6.22.2}
\BOOKMARK [3][-]{subsubsection.6.22.2.3}{\376\377\000r\000e\000n\000e\000w}{subsection.6.22.2}
\BOOKMARK [1][-]{section.6.23}{\376\377\000B\000r\000i\000s\000a\000U\000p\000n\000p\000:\000:\000B\000r\000i\000s\000a\000I\000c\000o\000n\000\040\000C\000l\000a\000s\000s\000\040\000R\000e\000f\000e\000r\000e\000n\000c\000e}{chapter.6}
\BOOKMARK [2][-]{subsection.6.23.1}{\376\377\000M\000e\000m\000b\000e\000r\000\040\000E\000n\000u\000m\000e\000r\000a\000t\000i\000o\000n\000\040\000D\000o\000c\000u\000m\000e\000n\000t\000a\000t\000i\000o\000n}{section.6.23}
\BOOKMARK [3][-]{subsubsection.6.23.1.1}{\376\377\000x\000m\000l\000I\000c\000o\000n\000T\000a\000g\000s}{subsection.6.23.1}
\BOOKMARK [2][-]{subsection.6.23.2}{\376\377\000C\000o\000n\000s\000t\000r\000u\000c\000t\000o\000r\000\040\000\046\000\040\000D\000e\000s\000t\000r\000u\000c\000t\000o\000r\000\040\000D\000o\000c\000u\000m\000e\000n\000t\000a\000t\000i\000o\000n}{section.6.23}
\BOOKMARK [3][-]{subsubsection.6.23.2.1}{\376\377\000B\000r\000i\000s\000a\000I\000c\000o\000n}{subsection.6.23.2}
\BOOKMARK [2][-]{subsection.6.23.3}{\376\377\000M\000e\000m\000b\000e\000r\000\040\000F\000u\000n\000c\000t\000i\000o\000n\000\040\000D\000o\000c\000u\000m\000e\000n\000t\000a\000t\000i\000o\000n}{section.6.23}
\BOOKMARK [3][-]{subsubsection.6.23.3.1}{\376\377\000c\000l\000e\000a\000r}{subsection.6.23.3}
\BOOKMARK [3][-]{subsubsection.6.23.3.2}{\376\377\000g\000e\000t\000A\000t\000t\000r\000i\000b\000u\000t\000e}{subsection.6.23.3}
\BOOKMARK [3][-]{subsubsection.6.23.3.3}{\376\377\000s\000e\000t\000A\000t\000t\000r\000i\000b\000u\000t\000e}{subsection.6.23.3}
\BOOKMARK [1][-]{section.6.24}{\376\377\000B\000r\000i\000s\000a\000U\000p\000n\000p\000:\000:\000B\000r\000i\000s\000a\000M\000S\000e\000a\000r\000c\000h\000C\000l\000i\000e\000n\000t\000C\000P\000\040\000C\000l\000a\000s\000s\000\040\000R\000e\000f\000e\000r\000e\000n\000c\000e}{chapter.6}
\BOOKMARK [2][-]{subsection.6.24.1}{\376\377\000D\000e\000t\000a\000i\000l\000e\000d\000\040\000D\000e\000s\000c\000r\000i\000p\000t\000i\000o\000n}{section.6.24}
\BOOKMARK [2][-]{subsection.6.24.2}{\376\377\000C\000o\000n\000s\000t\000r\000u\000c\000t\000o\000r\000\040\000\046\000\040\000D\000e\000s\000t\000r\000u\000c\000t\000o\000r\000\040\000D\000o\000c\000u\000m\000e\000n\000t\000a\000t\000i\000o\000n}{section.6.24}
\BOOKMARK [3][-]{subsubsection.6.24.2.1}{\376\377\000B\000r\000i\000s\000a\000M\000S\000e\000a\000r\000c\000h\000C\000l\000i\000e\000n\000t\000C\000P}{subsection.6.24.2}
\BOOKMARK [3][-]{subsubsection.6.24.2.2}{\376\377\000B\000r\000i\000s\000a\000M\000S\000e\000a\000r\000c\000h\000C\000l\000i\000e\000n\000t\000C\000P}{subsection.6.24.2}
\BOOKMARK [2][-]{subsection.6.24.3}{\376\377\000M\000e\000m\000b\000e\000r\000\040\000F\000u\000n\000c\000t\000i\000o\000n\000\040\000D\000o\000c\000u\000m\000e\000n\000t\000a\000t\000i\000o\000n}{section.6.24}
\BOOKMARK [3][-]{subsubsection.6.24.3.1}{\376\377\000d\000i\000s\000c\000o\000v\000e\000r}{subsection.6.24.3}
\BOOKMARK [3][-]{subsubsection.6.24.3.2}{\376\377\000d\000o\000u\000b\000l\000e\000D\000i\000s\000c\000o\000v\000e\000r}{subsection.6.24.3}
\BOOKMARK [3][-]{subsubsection.6.24.3.3}{\376\377\000i\000s\000R\000u\000n\000n\000i\000n\000g}{subsection.6.24.3}
\BOOKMARK [3][-]{subsubsection.6.24.3.4}{\376\377\000m\000s\000e\000a\000r\000c\000h\000R\000e\000s\000p\000o\000n\000s\000e\000R\000e\000c\000e\000i\000v\000e\000d}{subsection.6.24.3}
\BOOKMARK [3][-]{subsubsection.6.24.3.5}{\376\377\000s\000t\000a\000r\000t}{subsection.6.24.3}
\BOOKMARK [3][-]{subsubsection.6.24.3.6}{\376\377\000s\000t\000o\000p}{subsection.6.24.3}
\BOOKMARK [1][-]{section.6.25}{\376\377\000B\000r\000i\000s\000a\000U\000p\000n\000p\000:\000:\000B\000r\000i\000s\000a\000S\000e\000r\000v\000i\000c\000e\000\040\000C\000l\000a\000s\000s\000\040\000R\000e\000f\000e\000r\000e\000n\000c\000e}{chapter.6}
\BOOKMARK [2][-]{subsection.6.25.1}{\376\377\000D\000e\000t\000a\000i\000l\000e\000d\000\040\000D\000e\000s\000c\000r\000i\000p\000t\000i\000o\000n}{section.6.25}
\BOOKMARK [2][-]{subsection.6.25.2}{\376\377\000C\000o\000n\000s\000t\000r\000u\000c\000t\000o\000r\000\040\000\046\000\040\000D\000e\000s\000t\000r\000u\000c\000t\000o\000r\000\040\000D\000o\000c\000u\000m\000e\000n\000t\000a\000t\000i\000o\000n}{section.6.25}
\BOOKMARK [3][-]{subsubsection.6.25.2.1}{\376\377\000B\000r\000i\000s\000a\000S\000e\000r\000v\000i\000c\000e}{subsection.6.25.2}
\BOOKMARK [3][-]{subsubsection.6.25.2.2}{\376\377\000B\000r\000i\000s\000a\000S\000e\000r\000v\000i\000c\000e}{subsection.6.25.2}
\BOOKMARK [3][-]{subsubsection.6.25.2.3}{\376\377\000B\000r\000i\000s\000a\000S\000e\000r\000v\000i\000c\000e}{subsection.6.25.2}
\BOOKMARK [3][-]{subsubsection.6.25.2.4}{\376\377\000B\000r\000i\000s\000a\000S\000e\000r\000v\000i\000c\000e}{subsection.6.25.2}
\BOOKMARK [2][-]{subsection.6.25.3}{\376\377\000M\000e\000m\000b\000e\000r\000\040\000F\000u\000n\000c\000t\000i\000o\000n\000\040\000D\000o\000c\000u\000m\000e\000n\000t\000a\000t\000i\000o\000n}{section.6.25}
\BOOKMARK [3][-]{subsubsection.6.25.3.1}{\376\377\000b\000u\000i\000l\000d\000W\000e\000b\000S\000e\000r\000v\000i\000c\000e\000T\000r\000e\000e}{subsection.6.25.3}
\BOOKMARK [3][-]{subsubsection.6.25.3.2}{\376\377\000g\000e\000t\000V\000a\000r\000i\000a\000b\000l\000e}{subsection.6.25.3}
\BOOKMARK [3][-]{subsubsection.6.25.3.3}{\376\377\000g\000e\000t\000W\000e\000b\000S\000e\000r\000v\000i\000c\000e}{subsection.6.25.3}
\BOOKMARK [3][-]{subsubsection.6.25.3.4}{\376\377\000p\000a\000r\000s\000e\000G\000e\000n\000e\000r\000i\000c\000R\000e\000q\000u\000e\000s\000t}{subsection.6.25.3}
\BOOKMARK [3][-]{subsubsection.6.25.3.5}{\376\377\000s\000e\000t\000D\000e\000s\000c\000r\000i\000p\000t\000i\000o\000n\000F\000i\000l\000e}{subsection.6.25.3}
\BOOKMARK [1][-]{section.6.26}{\376\377\000B\000r\000i\000s\000a\000U\000p\000n\000p\000:\000:\000B\000r\000i\000s\000a\000S\000e\000r\000v\000i\000c\000e\000F\000e\000t\000c\000h\000e\000r\000\040\000C\000l\000a\000s\000s\000\040\000R\000e\000f\000e\000r\000e\000n\000c\000e}{chapter.6}
\BOOKMARK [2][-]{subsection.6.26.1}{\376\377\000C\000o\000n\000s\000t\000r\000u\000c\000t\000o\000r\000\040\000\046\000\040\000D\000e\000s\000t\000r\000u\000c\000t\000o\000r\000\040\000D\000o\000c\000u\000m\000e\000n\000t\000a\000t\000i\000o\000n}{section.6.26}
\BOOKMARK [3][-]{subsubsection.6.26.1.1}{\376\377\000B\000r\000i\000s\000a\000S\000e\000r\000v\000i\000c\000e\000F\000e\000t\000c\000h\000e\000r}{subsection.6.26.1}
\BOOKMARK [3][-]{subsubsection.6.26.1.2}{\376\377\000B\000r\000i\000s\000a\000S\000e\000r\000v\000i\000c\000e\000F\000e\000t\000c\000h\000e\000r}{subsection.6.26.1}
\BOOKMARK [2][-]{subsection.6.26.2}{\376\377\000M\000e\000m\000b\000e\000r\000\040\000F\000u\000n\000c\000t\000i\000o\000n\000\040\000D\000o\000c\000u\000m\000e\000n\000t\000a\000t\000i\000o\000n}{section.6.26}
\BOOKMARK [3][-]{subsubsection.6.26.2.1}{\376\377\000f\000e\000t\000c\000h}{subsection.6.26.2}
\BOOKMARK [3][-]{subsubsection.6.26.2.2}{\376\377\000f\000e\000t\000c\000h\000F\000i\000n\000i\000s\000h\000e\000d}{subsection.6.26.2}
\BOOKMARK [1][-]{section.6.27}{\376\377\000B\000r\000i\000s\000a\000U\000p\000n\000p\000:\000:\000B\000r\000i\000s\000a\000S\000e\000r\000v\000i\000c\000e\000P\000a\000r\000s\000e\000r\000C\000o\000n\000t\000e\000x\000t\000\040\000C\000l\000a\000s\000s\000\040\000R\000e\000f\000e\000r\000e\000n\000c\000e}{chapter.6}
\BOOKMARK [2][-]{subsection.6.27.1}{\376\377\000C\000o\000n\000s\000t\000r\000u\000c\000t\000o\000r\000\040\000\046\000\040\000D\000e\000s\000t\000r\000u\000c\000t\000o\000r\000\040\000D\000o\000c\000u\000m\000e\000n\000t\000a\000t\000i\000o\000n}{section.6.27}
\BOOKMARK [3][-]{subsubsection.6.27.1.1}{\376\377\000B\000r\000i\000s\000a\000S\000e\000r\000v\000i\000c\000e\000P\000a\000r\000s\000e\000r\000C\000o\000n\000t\000e\000x\000t}{subsection.6.27.1}
\BOOKMARK [2][-]{subsection.6.27.2}{\376\377\000M\000e\000m\000b\000e\000r\000\040\000F\000u\000n\000c\000t\000i\000o\000n\000\040\000D\000o\000c\000u\000m\000e\000n\000t\000a\000t\000i\000o\000n}{section.6.27}
\BOOKMARK [3][-]{subsubsection.6.27.2.1}{\376\377\000g\000e\000t\000A\000c\000t\000i\000o\000n}{subsection.6.27.2}
\BOOKMARK [3][-]{subsubsection.6.27.2.2}{\376\377\000g\000e\000t\000A\000r\000g\000u\000m\000e\000n\000t}{subsection.6.27.2}
\BOOKMARK [3][-]{subsubsection.6.27.2.3}{\376\377\000g\000e\000t\000P\000a\000r\000e\000n\000t}{subsection.6.27.2}
\BOOKMARK [3][-]{subsubsection.6.27.2.4}{\376\377\000g\000e\000t\000S\000e\000r\000v\000i\000c\000e}{subsection.6.27.2}
\BOOKMARK [3][-]{subsubsection.6.27.2.5}{\376\377\000g\000e\000t\000S\000t\000a\000t\000e\000V\000a\000r\000i\000a\000b\000l\000e}{subsection.6.27.2}
\BOOKMARK [3][-]{subsubsection.6.27.2.6}{\376\377\000h\000a\000s\000P\000a\000r\000e\000n\000t}{subsection.6.27.2}
\BOOKMARK [3][-]{subsubsection.6.27.2.7}{\376\377\000s\000e\000t\000A\000c\000t\000i\000o\000n}{subsection.6.27.2}
\BOOKMARK [3][-]{subsubsection.6.27.2.8}{\376\377\000s\000e\000t\000A\000r\000g\000u\000m\000e\000n\000t}{subsection.6.27.2}
\BOOKMARK [3][-]{subsubsection.6.27.2.9}{\376\377\000s\000e\000t\000S\000e\000r\000v\000i\000c\000e}{subsection.6.27.2}
\BOOKMARK [3][-]{subsubsection.6.27.2.10}{\376\377\000s\000e\000t\000S\000t\000a\000t\000e\000V\000a\000r\000i\000a\000b\000l\000e}{subsection.6.27.2}
\BOOKMARK [2][-]{subsection.6.27.3}{\376\377\000M\000e\000m\000b\000e\000r\000\040\000D\000a\000t\000a\000\040\000D\000o\000c\000u\000m\000e\000n\000t\000a\000t\000i\000o\000n}{section.6.27}
\BOOKMARK [3][-]{subsubsection.6.27.3.1}{\376\377\000s\000t\000a\000t\000e}{subsection.6.27.3}
\BOOKMARK [3][-]{subsubsection.6.27.3.2}{\376\377\000s\000t\000a\000t\000e\000S\000k\000i\000p}{subsection.6.27.3}
\BOOKMARK [1][-]{section.6.28}{\376\377\000B\000r\000i\000s\000a\000U\000p\000n\000p\000:\000:\000B\000r\000i\000s\000a\000S\000e\000r\000v\000i\000c\000e\000X\000M\000L\000H\000a\000n\000d\000l\000e\000r\000\040\000C\000l\000a\000s\000s\000\040\000R\000e\000f\000e\000r\000e\000n\000c\000e}{chapter.6}
\BOOKMARK [2][-]{subsection.6.28.1}{\376\377\000M\000e\000m\000b\000e\000r\000\040\000F\000u\000n\000c\000t\000i\000o\000n\000\040\000D\000o\000c\000u\000m\000e\000n\000t\000a\000t\000i\000o\000n}{section.6.28}
\BOOKMARK [3][-]{subsubsection.6.28.1.1}{\376\377\000c\000h\000a\000r\000a\000c\000t\000e\000r\000s}{subsection.6.28.1}
\BOOKMARK [3][-]{subsubsection.6.28.1.2}{\376\377\000e\000n\000d\000E\000l\000e\000m\000e\000n\000t}{subsection.6.28.1}
\BOOKMARK [3][-]{subsubsection.6.28.1.3}{\376\377\000p\000a\000r\000s\000e\000S\000e\000r\000v\000i\000c\000e}{subsection.6.28.1}
\BOOKMARK [3][-]{subsubsection.6.28.1.4}{\376\377\000s\000t\000a\000r\000t\000E\000l\000e\000m\000e\000n\000t}{subsection.6.28.1}
\BOOKMARK [1][-]{section.6.29}{\376\377\000B\000r\000i\000s\000a\000U\000p\000n\000p\000:\000:\000B\000r\000i\000s\000a\000S\000S\000D\000P\000C\000l\000i\000e\000n\000t\000\040\000C\000l\000a\000s\000s\000\040\000R\000e\000f\000e\000r\000e\000n\000c\000e}{chapter.6}
\BOOKMARK [2][-]{subsection.6.29.1}{\376\377\000D\000e\000t\000a\000i\000l\000e\000d\000\040\000D\000e\000s\000c\000r\000i\000p\000t\000i\000o\000n}{section.6.29}
\BOOKMARK [2][-]{subsection.6.29.2}{\376\377\000C\000o\000n\000s\000t\000r\000u\000c\000t\000o\000r\000\040\000\046\000\040\000D\000e\000s\000t\000r\000u\000c\000t\000o\000r\000\040\000D\000o\000c\000u\000m\000e\000n\000t\000a\000t\000i\000o\000n}{section.6.29}
\BOOKMARK [3][-]{subsubsection.6.29.2.1}{\376\377\000B\000r\000i\000s\000a\000S\000S\000D\000P\000C\000l\000i\000e\000n\000t}{subsection.6.29.2}
\BOOKMARK [3][-]{subsubsection.6.29.2.2}{\376\377\000B\000r\000i\000s\000a\000S\000S\000D\000P\000C\000l\000i\000e\000n\000t}{subsection.6.29.2}
\BOOKMARK [2][-]{subsection.6.29.3}{\376\377\000M\000e\000m\000b\000e\000r\000\040\000F\000u\000n\000c\000t\000i\000o\000n\000\040\000D\000o\000c\000u\000m\000e\000n\000t\000a\000t\000i\000o\000n}{section.6.29}
\BOOKMARK [3][-]{subsubsection.6.29.3.1}{\376\377\000i\000s\000R\000u\000n\000n\000i\000n\000g}{subsection.6.29.3}
\BOOKMARK [3][-]{subsubsection.6.29.3.2}{\376\377\000n\000e\000w\000D\000e\000v\000i\000c\000e\000E\000v\000e\000n\000t}{subsection.6.29.3}
\BOOKMARK [3][-]{subsubsection.6.29.3.3}{\376\377\000r\000e\000m\000o\000v\000e\000d\000D\000e\000v\000i\000c\000e\000E\000v\000e\000n\000t}{subsection.6.29.3}
\BOOKMARK [3][-]{subsubsection.6.29.3.4}{\376\377\000s\000t\000a\000r\000t}{subsection.6.29.3}
\BOOKMARK [3][-]{subsubsection.6.29.3.5}{\376\377\000s\000t\000o\000p}{subsection.6.29.3}
\BOOKMARK [1][-]{section.6.30}{\376\377\000B\000r\000i\000s\000a\000U\000p\000n\000p\000:\000:\000B\000r\000i\000s\000a\000S\000S\000D\000P\000S\000e\000r\000v\000e\000r\000\040\000C\000l\000a\000s\000s\000\040\000R\000e\000f\000e\000r\000e\000n\000c\000e}{chapter.6}
\BOOKMARK [2][-]{subsection.6.30.1}{\376\377\000D\000e\000t\000a\000i\000l\000e\000d\000\040\000D\000e\000s\000c\000r\000i\000p\000t\000i\000o\000n}{section.6.30}
\BOOKMARK [2][-]{subsection.6.30.2}{\376\377\000C\000o\000n\000s\000t\000r\000u\000c\000t\000o\000r\000\040\000\046\000\040\000D\000e\000s\000t\000r\000u\000c\000t\000o\000r\000\040\000D\000o\000c\000u\000m\000e\000n\000t\000a\000t\000i\000o\000n}{section.6.30}
\BOOKMARK [3][-]{subsubsection.6.30.2.1}{\376\377\000B\000r\000i\000s\000a\000S\000S\000D\000P\000S\000e\000r\000v\000e\000r}{subsection.6.30.2}
\BOOKMARK [3][-]{subsubsection.6.30.2.2}{\376\377\000B\000r\000i\000s\000a\000S\000S\000D\000P\000S\000e\000r\000v\000e\000r}{subsection.6.30.2}
\BOOKMARK [2][-]{subsection.6.30.3}{\376\377\000M\000e\000m\000b\000e\000r\000\040\000F\000u\000n\000c\000t\000i\000o\000n\000\040\000D\000o\000c\000u\000m\000e\000n\000t\000a\000t\000i\000o\000n}{section.6.30}
\BOOKMARK [3][-]{subsubsection.6.30.3.1}{\376\377\000d\000o\000B\000y\000e\000B\000y\000e}{subsection.6.30.3}
\BOOKMARK [3][-]{subsubsection.6.30.3.2}{\376\377\000d\000o\000N\000o\000t\000i\000f\000y}{subsection.6.30.3}
\BOOKMARK [3][-]{subsubsection.6.30.3.3}{\376\377\000i\000s\000R\000u\000n\000n\000i\000n\000g}{subsection.6.30.3}
\BOOKMARK [3][-]{subsubsection.6.30.3.4}{\376\377\000m\000s\000e\000a\000r\000c\000h\000R\000e\000q\000u\000e\000s\000t\000R\000e\000c\000e\000i\000v\000e\000d}{subsection.6.30.3}
\BOOKMARK [3][-]{subsubsection.6.30.3.5}{\376\377\000r\000e\000s\000p\000o\000n\000d\000M\000S\000e\000a\000r\000c\000h}{subsection.6.30.3}
\BOOKMARK [3][-]{subsubsection.6.30.3.6}{\376\377\000s\000t\000a\000r\000t}{subsection.6.30.3}
\BOOKMARK [3][-]{subsubsection.6.30.3.7}{\376\377\000s\000t\000o\000p}{subsection.6.30.3}
\BOOKMARK [1][-]{section.6.31}{\376\377\000B\000r\000i\000s\000a\000U\000p\000n\000p\000:\000:\000B\000r\000i\000s\000a\000S\000t\000a\000t\000e\000V\000a\000r\000i\000a\000b\000l\000e\000\040\000C\000l\000a\000s\000s\000\040\000R\000e\000f\000e\000r\000e\000n\000c\000e}{chapter.6}
\BOOKMARK [2][-]{subsection.6.31.1}{\376\377\000D\000e\000t\000a\000i\000l\000e\000d\000\040\000D\000e\000s\000c\000r\000i\000p\000t\000i\000o\000n}{section.6.31}
\BOOKMARK [2][-]{subsection.6.31.2}{\376\377\000M\000e\000m\000b\000e\000r\000\040\000E\000n\000u\000m\000e\000r\000a\000t\000i\000o\000n\000\040\000D\000o\000c\000u\000m\000e\000n\000t\000a\000t\000i\000o\000n}{section.6.31}
\BOOKMARK [3][-]{subsubsection.6.31.2.1}{\376\377\000B\000r\000i\000s\000a\000S\000t\000a\000t\000e\000V\000a\000r\000i\000a\000b\000l\000e\000A\000t\000t\000r\000i\000b\000u\000t\000e}{subsection.6.31.2}
\BOOKMARK [2][-]{subsection.6.31.3}{\376\377\000C\000o\000n\000s\000t\000r\000u\000c\000t\000o\000r\000\040\000\046\000\040\000D\000e\000s\000t\000r\000u\000c\000t\000o\000r\000\040\000D\000o\000c\000u\000m\000e\000n\000t\000a\000t\000i\000o\000n}{section.6.31}
\BOOKMARK [3][-]{subsubsection.6.31.3.1}{\376\377\000B\000r\000i\000s\000a\000S\000t\000a\000t\000e\000V\000a\000r\000i\000a\000b\000l\000e}{subsection.6.31.3}
\BOOKMARK [3][-]{subsubsection.6.31.3.2}{\376\377\000B\000r\000i\000s\000a\000S\000t\000a\000t\000e\000V\000a\000r\000i\000a\000b\000l\000e}{subsection.6.31.3}
\BOOKMARK [2][-]{subsection.6.31.4}{\376\377\000M\000e\000m\000b\000e\000r\000\040\000F\000u\000n\000c\000t\000i\000o\000n\000\040\000D\000o\000c\000u\000m\000e\000n\000t\000a\000t\000i\000o\000n}{section.6.31}
\BOOKMARK [3][-]{subsubsection.6.31.4.1}{\376\377\000a\000d\000d\000A\000l\000l\000o\000w\000e\000d\000V\000a\000l\000u\000e}{subsection.6.31.4}
\BOOKMARK [3][-]{subsubsection.6.31.4.2}{\376\377\000c\000h\000a\000n\000g\000e\000d}{subsection.6.31.4}
\BOOKMARK [3][-]{subsubsection.6.31.4.3}{\376\377\000c\000l\000e\000a\000r}{subsection.6.31.4}
\BOOKMARK [3][-]{subsubsection.6.31.4.4}{\376\377\000g\000e\000t\000A\000l\000l\000o\000w\000e\000d\000V\000a\000l\000u\000e\000L\000i\000s\000t}{subsection.6.31.4}
\BOOKMARK [3][-]{subsubsection.6.31.4.5}{\376\377\000g\000e\000t\000A\000t\000t\000r\000i\000b\000u\000t\000e}{subsection.6.31.4}
\BOOKMARK [3][-]{subsubsection.6.31.4.6}{\376\377\000g\000e\000t\000D\000a\000t\000a\000T\000y\000p\000e}{subsection.6.31.4}
\BOOKMARK [3][-]{subsubsection.6.31.4.7}{\376\377\000g\000e\000t\000V\000a\000l\000u\000e}{subsection.6.31.4}
\BOOKMARK [3][-]{subsubsection.6.31.4.8}{\376\377\000o\000p\000e\000r\000a\000t\000o\000r\000=}{subsection.6.31.4}
\BOOKMARK [3][-]{subsubsection.6.31.4.9}{\376\377\000s\000e\000n\000d\000E\000v\000e\000n\000t\000s}{subsection.6.31.4}
\BOOKMARK [3][-]{subsubsection.6.31.4.10}{\376\377\000s\000e\000t\000A\000t\000t\000r\000i\000b\000u\000t\000e}{subsection.6.31.4}
\BOOKMARK [0][-]{chapter.7}{\376\377\000F\000i\000l\000e\000\040\000D\000o\000c\000u\000m\000e\000n\000t\000a\000t\000i\000o\000n}{}
\BOOKMARK [1][-]{section.7.1}{\376\377\000s\000r\000c\000/\000c\000o\000r\000e\000/\000b\000r\000i\000s\000a\000c\000o\000n\000f\000i\000g\000.\000c\000p\000p\000\040\000F\000i\000l\000e\000\040\000R\000e\000f\000e\000r\000e\000n\000c\000e}{chapter.7}
\BOOKMARK [1][-]{section.7.2}{\376\377\000s\000r\000c\000/\000c\000o\000r\000e\000/\000b\000r\000i\000s\000a\000c\000o\000n\000f\000i\000g\000.\000h\000\040\000F\000i\000l\000e\000\040\000R\000e\000f\000e\000r\000e\000n\000c\000e}{chapter.7}
\BOOKMARK [1][-]{section.7.3}{\376\377\000s\000r\000c\000/\000c\000o\000r\000e\000/\000b\000r\000i\000s\000a\000c\000o\000r\000e\000.\000h\000\040\000F\000i\000l\000e\000\040\000R\000e\000f\000e\000r\000e\000n\000c\000e}{chapter.7}
\BOOKMARK [1][-]{section.7.4}{\376\377\000s\000r\000c\000/\000c\000o\000r\000e\000/\000b\000r\000i\000s\000a\000g\000l\000o\000b\000a\000l\000.\000h\000\040\000F\000i\000l\000e\000\040\000R\000e\000f\000e\000r\000e\000n\000c\000e}{chapter.7}
\BOOKMARK [2][-]{subsection.7.4.1}{\376\377\000D\000e\000f\000i\000n\000e\000\040\000D\000o\000c\000u\000m\000e\000n\000t\000a\000t\000i\000o\000n}{section.7.4}
\BOOKMARK [3][-]{subsubsection.7.4.1.1}{\376\377\000B\000R\000I\000S\000A\000\137\000C\000O\000R\000E\000\137\000E\000X\000P\000O\000R\000T}{subsection.7.4.1}
\BOOKMARK [3][-]{subsubsection.7.4.1.2}{\376\377\000B\000R\000I\000S\000A\000\137\000U\000P\000N\000P\000\137\000E\000X\000P\000O\000R\000T}{subsection.7.4.1}
\BOOKMARK [3][-]{subsubsection.7.4.1.3}{\376\377\000B\000R\000I\000S\000A\000\137\000U\000T\000I\000L\000S\000\137\000E\000X\000P\000O\000R\000T}{subsection.7.4.1}
\BOOKMARK [3][-]{subsubsection.7.4.1.4}{\376\377\000B\000R\000I\000S\000A\000\137\000V\000E\000R\000S\000I\000O\000N}{subsection.7.4.1}
\BOOKMARK [3][-]{subsubsection.7.4.1.5}{\376\377\000B\000R\000I\000S\000A\000\137\000V\000E\000R\000S\000I\000O\000N\000\137\000S\000T\000R}{subsection.7.4.1}
\BOOKMARK [1][-]{section.7.5}{\376\377\000s\000r\000c\000/\000c\000o\000r\000e\000/\000b\000r\000i\000s\000a\000w\000e\000b\000s\000e\000r\000v\000e\000r\000.\000c\000p\000p\000\040\000F\000i\000l\000e\000\040\000R\000e\000f\000e\000r\000e\000n\000c\000e}{chapter.7}
\BOOKMARK [2][-]{subsection.7.5.1}{\376\377\000F\000u\000n\000c\000t\000i\000o\000n\000\040\000D\000o\000c\000u\000m\000e\000n\000t\000a\000t\000i\000o\000n}{section.7.5}
\BOOKMARK [3][-]{subsubsection.7.5.1.1}{\376\377\000e\000x\000t\000r\000a\000c\000t\000P\000a\000t\000h\000L\000e\000v\000e\000l}{subsection.7.5.1}
\BOOKMARK [1][-]{section.7.6}{\376\377\000s\000r\000c\000/\000c\000o\000r\000e\000/\000b\000r\000i\000s\000a\000w\000e\000b\000s\000e\000r\000v\000e\000r\000.\000h\000\040\000F\000i\000l\000e\000\040\000R\000e\000f\000e\000r\000e\000n\000c\000e}{chapter.7}
\BOOKMARK [2][-]{subsection.7.6.1}{\376\377\000D\000e\000f\000i\000n\000e\000\040\000D\000o\000c\000u\000m\000e\000n\000t\000a\000t\000i\000o\000n}{section.7.6}
\BOOKMARK [3][-]{subsubsection.7.6.1.1}{\376\377\000D\000E\000F\000A\000U\000L\000T\000\137\000P\000A\000G\000E}{subsection.7.6.1}
\BOOKMARK [1][-]{section.7.7}{\376\377\000s\000r\000c\000/\000u\000p\000n\000p\000/\000b\000r\000i\000s\000a\000a\000b\000s\000t\000r\000a\000c\000t\000e\000v\000e\000n\000t\000s\000u\000b\000s\000c\000r\000i\000p\000t\000i\000o\000n\000.\000c\000p\000p\000\040\000F\000i\000l\000e\000\040\000R\000e\000f\000e\000r\000e\000n\000c\000e}{chapter.7}
\BOOKMARK [1][-]{section.7.8}{\376\377\000s\000r\000c\000/\000u\000p\000n\000p\000/\000b\000r\000i\000s\000a\000a\000b\000s\000t\000r\000a\000c\000t\000e\000v\000e\000n\000t\000s\000u\000b\000s\000c\000r\000i\000p\000t\000i\000o\000n\000.\000h\000\040\000F\000i\000l\000e\000\040\000R\000e\000f\000e\000r\000e\000n\000c\000e}{chapter.7}
\BOOKMARK [1][-]{section.7.9}{\376\377\000s\000r\000c\000/\000u\000p\000n\000p\000/\000b\000r\000i\000s\000a\000a\000b\000s\000t\000r\000a\000c\000t\000s\000e\000r\000v\000i\000c\000e\000.\000c\000p\000p\000\040\000F\000i\000l\000e\000\040\000R\000e\000f\000e\000r\000e\000n\000c\000e}{chapter.7}
\BOOKMARK [1][-]{section.7.10}{\376\377\000s\000r\000c\000/\000u\000p\000n\000p\000/\000b\000r\000i\000s\000a\000a\000b\000s\000t\000r\000a\000c\000t\000s\000e\000r\000v\000i\000c\000e\000.\000h\000\040\000F\000i\000l\000e\000\040\000R\000e\000f\000e\000r\000e\000n\000c\000e}{chapter.7}
\BOOKMARK [1][-]{section.7.11}{\376\377\000s\000r\000c\000/\000u\000p\000n\000p\000/\000b\000r\000i\000s\000a\000a\000c\000t\000i\000o\000n\000.\000c\000p\000p\000\040\000F\000i\000l\000e\000\040\000R\000e\000f\000e\000r\000e\000n\000c\000e}{chapter.7}
\BOOKMARK [1][-]{section.7.12}{\376\377\000s\000r\000c\000/\000u\000p\000n\000p\000/\000b\000r\000i\000s\000a\000a\000c\000t\000i\000o\000n\000.\000h\000\040\000F\000i\000l\000e\000\040\000R\000e\000f\000e\000r\000e\000n\000c\000e}{chapter.7}
\BOOKMARK [1][-]{section.7.13}{\376\377\000s\000r\000c\000/\000u\000p\000n\000p\000/\000b\000r\000i\000s\000a\000a\000r\000g\000u\000m\000e\000n\000t\000.\000c\000p\000p\000\040\000F\000i\000l\000e\000\040\000R\000e\000f\000e\000r\000e\000n\000c\000e}{chapter.7}
\BOOKMARK [1][-]{section.7.14}{\376\377\000s\000r\000c\000/\000u\000p\000n\000p\000/\000b\000r\000i\000s\000a\000a\000r\000g\000u\000m\000e\000n\000t\000.\000h\000\040\000F\000i\000l\000e\000\040\000R\000e\000f\000e\000r\000e\000n\000c\000e}{chapter.7}
\BOOKMARK [1][-]{section.7.15}{\376\377\000s\000r\000c\000/\000u\000p\000n\000p\000/\000b\000r\000i\000s\000a\000i\000c\000o\000n\000.\000c\000p\000p\000\040\000F\000i\000l\000e\000\040\000R\000e\000f\000e\000r\000e\000n\000c\000e}{chapter.7}
\BOOKMARK [1][-]{section.7.16}{\376\377\000s\000r\000c\000/\000u\000p\000n\000p\000/\000b\000r\000i\000s\000a\000i\000c\000o\000n\000.\000h\000\040\000F\000i\000l\000e\000\040\000R\000e\000f\000e\000r\000e\000n\000c\000e}{chapter.7}
\BOOKMARK [1][-]{section.7.17}{\376\377\000s\000r\000c\000/\000u\000p\000n\000p\000/\000b\000r\000i\000s\000a\000s\000e\000r\000v\000i\000c\000e\000x\000m\000l\000h\000a\000n\000d\000l\000e\000r\000.\000c\000p\000p\000\040\000F\000i\000l\000e\000\040\000R\000e\000f\000e\000r\000e\000n\000c\000e}{chapter.7}
\BOOKMARK [1][-]{section.7.18}{\376\377\000s\000r\000c\000/\000u\000p\000n\000p\000/\000b\000r\000i\000s\000a\000s\000e\000r\000v\000i\000c\000e\000x\000m\000l\000h\000a\000n\000d\000l\000e\000r\000.\000h\000\040\000F\000i\000l\000e\000\040\000R\000e\000f\000e\000r\000e\000n\000c\000e}{chapter.7}
\BOOKMARK [1][-]{section.7.19}{\376\377\000s\000r\000c\000/\000u\000p\000n\000p\000/\000b\000r\000i\000s\000a\000s\000t\000a\000t\000e\000v\000a\000r\000i\000a\000b\000l\000e\000.\000c\000p\000p\000\040\000F\000i\000l\000e\000\040\000R\000e\000f\000e\000r\000e\000n\000c\000e}{chapter.7}
\BOOKMARK [1][-]{section.7.20}{\376\377\000s\000r\000c\000/\000u\000p\000n\000p\000/\000b\000r\000i\000s\000a\000s\000t\000a\000t\000e\000v\000a\000r\000i\000a\000b\000l\000e\000.\000h\000\040\000F\000i\000l\000e\000\040\000R\000e\000f\000e\000r\000e\000n\000c\000e}{chapter.7}
\BOOKMARK [1][-]{section.7.21}{\376\377\000s\000r\000c\000/\000u\000p\000n\000p\000/\000c\000o\000n\000t\000r\000o\000l\000p\000o\000i\000n\000t\000/\000b\000r\000i\000s\000a\000c\000o\000n\000t\000r\000o\000l\000p\000o\000i\000n\000t\000.\000c\000p\000p\000\040\000F\000i\000l\000e\000\040\000R\000e\000f\000e\000r\000e\000n\000c\000e}{chapter.7}
\BOOKMARK [1][-]{section.7.22}{\376\377\000s\000r\000c\000/\000u\000p\000n\000p\000/\000c\000o\000n\000t\000r\000o\000l\000p\000o\000i\000n\000t\000/\000b\000r\000i\000s\000a\000c\000o\000n\000t\000r\000o\000l\000p\000o\000i\000n\000t\000.\000h\000\040\000F\000i\000l\000e\000\040\000R\000e\000f\000e\000r\000e\000n\000c\000e}{chapter.7}
\BOOKMARK [1][-]{section.7.23}{\376\377\000s\000r\000c\000/\000u\000p\000n\000p\000/\000c\000o\000n\000t\000r\000o\000l\000p\000o\000i\000n\000t\000/\000b\000r\000i\000s\000a\000c\000o\000n\000t\000r\000o\000l\000p\000o\000i\000n\000t\000d\000e\000v\000i\000c\000e\000.\000c\000p\000p\000\040\000F\000i\000l\000e\000\040\000R\000e\000f\000e\000r\000e\000n\000c\000e}{chapter.7}
\BOOKMARK [1][-]{section.7.24}{\376\377\000s\000r\000c\000/\000u\000p\000n\000p\000/\000c\000o\000n\000t\000r\000o\000l\000p\000o\000i\000n\000t\000/\000b\000r\000i\000s\000a\000c\000o\000n\000t\000r\000o\000l\000p\000o\000i\000n\000t\000d\000e\000v\000i\000c\000e\000.\000h\000\040\000F\000i\000l\000e\000\040\000R\000e\000f\000e\000r\000e\000n\000c\000e}{chapter.7}
\BOOKMARK [1][-]{section.7.25}{\376\377\000s\000r\000c\000/\000u\000p\000n\000p\000/\000c\000o\000n\000t\000r\000o\000l\000p\000o\000i\000n\000t\000/\000b\000r\000i\000s\000a\000c\000o\000n\000t\000r\000o\000l\000p\000o\000i\000n\000t\000s\000e\000r\000v\000i\000c\000e\000.\000c\000p\000p\000\040\000F\000i\000l\000e\000\040\000R\000e\000f\000e\000r\000e\000n\000c\000e}{chapter.7}
\BOOKMARK [1][-]{section.7.26}{\376\377\000s\000r\000c\000/\000u\000p\000n\000p\000/\000c\000o\000n\000t\000r\000o\000l\000p\000o\000i\000n\000t\000/\000b\000r\000i\000s\000a\000c\000o\000n\000t\000r\000o\000l\000p\000o\000i\000n\000t\000s\000e\000r\000v\000i\000c\000e\000.\000h\000\040\000F\000i\000l\000e\000\040\000R\000e\000f\000e\000r\000e\000n\000c\000e}{chapter.7}
\BOOKMARK [1][-]{section.7.27}{\376\377\000s\000r\000c\000/\000u\000p\000n\000p\000/\000c\000o\000n\000t\000r\000o\000l\000p\000o\000i\000n\000t\000/\000b\000r\000i\000s\000a\000d\000e\000v\000i\000c\000e\000x\000m\000l\000h\000a\000n\000d\000l\000e\000r\000c\000p\000.\000c\000p\000p\000\040\000F\000i\000l\000e\000\040\000R\000e\000f\000e\000r\000e\000n\000c\000e}{chapter.7}
\BOOKMARK [1][-]{section.7.28}{\376\377\000s\000r\000c\000/\000u\000p\000n\000p\000/\000c\000o\000n\000t\000r\000o\000l\000p\000o\000i\000n\000t\000/\000b\000r\000i\000s\000a\000d\000e\000v\000i\000c\000e\000x\000m\000l\000h\000a\000n\000d\000l\000e\000r\000c\000p\000.\000h\000\040\000F\000i\000l\000e\000\040\000R\000e\000f\000e\000r\000e\000n\000c\000e}{chapter.7}
\BOOKMARK [1][-]{section.7.29}{\376\377\000s\000r\000c\000/\000u\000p\000n\000p\000/\000c\000o\000n\000t\000r\000o\000l\000p\000o\000i\000n\000t\000/\000b\000r\000i\000s\000a\000e\000v\000e\000n\000t\000p\000r\000o\000x\000y\000.\000c\000p\000p\000\040\000F\000i\000l\000e\000\040\000R\000e\000f\000e\000r\000e\000n\000c\000e}{chapter.7}
\BOOKMARK [1][-]{section.7.30}{\376\377\000s\000r\000c\000/\000u\000p\000n\000p\000/\000c\000o\000n\000t\000r\000o\000l\000p\000o\000i\000n\000t\000/\000b\000r\000i\000s\000a\000e\000v\000e\000n\000t\000p\000r\000o\000x\000y\000.\000h\000\040\000F\000i\000l\000e\000\040\000R\000e\000f\000e\000r\000e\000n\000c\000e}{chapter.7}
\BOOKMARK [1][-]{section.7.31}{\376\377\000s\000r\000c\000/\000u\000p\000n\000p\000/\000c\000o\000n\000t\000r\000o\000l\000p\000o\000i\000n\000t\000/\000b\000r\000i\000s\000a\000m\000s\000e\000a\000r\000c\000h\000c\000l\000i\000e\000n\000t\000c\000p\000.\000c\000p\000p\000\040\000F\000i\000l\000e\000\040\000R\000e\000f\000e\000r\000e\000n\000c\000e}{chapter.7}
\BOOKMARK [2][-]{subsection.7.31.1}{\376\377\000D\000e\000f\000i\000n\000e\000\040\000D\000o\000c\000u\000m\000e\000n\000t\000a\000t\000i\000o\000n}{section.7.31}
\BOOKMARK [3][-]{subsubsection.7.31.1.1}{\376\377\000U\000P\000N\000P\000\137\000M\000S\000E\000A\000R\000C\000H\000\137\000D\000I\000S\000C\000O\000V\000E\000R}{subsection.7.31.1}
\BOOKMARK [1][-]{section.7.32}{\376\377\000s\000r\000c\000/\000u\000p\000n\000p\000/\000c\000o\000n\000t\000r\000o\000l\000p\000o\000i\000n\000t\000/\000b\000r\000i\000s\000a\000m\000s\000e\000a\000r\000c\000h\000c\000l\000i\000e\000n\000t\000c\000p\000.\000h\000\040\000F\000i\000l\000e\000\040\000R\000e\000f\000e\000r\000e\000n\000c\000e}{chapter.7}
\BOOKMARK [2][-]{subsection.7.32.1}{\376\377\000D\000e\000f\000i\000n\000e\000\040\000D\000o\000c\000u\000m\000e\000n\000t\000a\000t\000i\000o\000n}{section.7.32}
\BOOKMARK [3][-]{subsubsection.7.32.1.1}{\376\377\000D\000E\000F\000A\000U\000L\000T\000\137\000S\000E\000A\000R\000C\000H\000\137\000T\000I\000M\000E}{subsection.7.32.1}
\BOOKMARK [3][-]{subsubsection.7.32.1.2}{\376\377\000D\000E\000F\000A\000U\000L\000T\000\137\000S\000E\000A\000R\000C\000H\000\137\000T\000Y\000P\000E}{subsection.7.32.1}
\BOOKMARK [1][-]{section.7.33}{\376\377\000s\000r\000c\000/\000u\000p\000n\000p\000/\000d\000e\000v\000i\000c\000e\000/\000b\000r\000i\000s\000a\000a\000c\000t\000i\000o\000n\000x\000m\000l\000p\000a\000r\000s\000e\000r\000.\000c\000p\000p\000\040\000F\000i\000l\000e\000\040\000R\000e\000f\000e\000r\000e\000n\000c\000e}{chapter.7}
\BOOKMARK [1][-]{section.7.34}{\376\377\000s\000r\000c\000/\000u\000p\000n\000p\000/\000d\000e\000v\000i\000c\000e\000/\000b\000r\000i\000s\000a\000a\000c\000t\000i\000o\000n\000x\000m\000l\000p\000a\000r\000s\000e\000r\000.\000h\000\040\000F\000i\000l\000e\000\040\000R\000e\000f\000e\000r\000e\000n\000c\000e}{chapter.7}
\BOOKMARK [1][-]{section.7.35}{\376\377\000s\000r\000c\000/\000u\000p\000n\000p\000/\000d\000e\000v\000i\000c\000e\000/\000b\000r\000i\000s\000a\000d\000e\000v\000i\000c\000e\000.\000c\000p\000p\000\040\000F\000i\000l\000e\000\040\000R\000e\000f\000e\000r\000e\000n\000c\000e}{chapter.7}
\BOOKMARK [1][-]{section.7.36}{\376\377\000s\000r\000c\000/\000u\000p\000n\000p\000/\000d\000e\000v\000i\000c\000e\000/\000b\000r\000i\000s\000a\000d\000e\000v\000i\000c\000e\000.\000h\000\040\000F\000i\000l\000e\000\040\000R\000e\000f\000e\000r\000e\000n\000c\000e}{chapter.7}
\BOOKMARK [1][-]{section.7.37}{\376\377\000s\000r\000c\000/\000u\000p\000n\000p\000/\000d\000e\000v\000i\000c\000e\000/\000b\000r\000i\000s\000a\000d\000e\000v\000i\000c\000e\000x\000m\000l\000h\000a\000n\000d\000l\000e\000r\000.\000c\000p\000p\000\040\000F\000i\000l\000e\000\040\000R\000e\000f\000e\000r\000e\000n\000c\000e}{chapter.7}
\BOOKMARK [1][-]{section.7.38}{\376\377\000s\000r\000c\000/\000u\000p\000n\000p\000/\000d\000e\000v\000i\000c\000e\000/\000b\000r\000i\000s\000a\000d\000e\000v\000i\000c\000e\000x\000m\000l\000h\000a\000n\000d\000l\000e\000r\000.\000h\000\040\000F\000i\000l\000e\000\040\000R\000e\000f\000e\000r\000e\000n\000c\000e}{chapter.7}
\BOOKMARK [1][-]{section.7.39}{\376\377\000s\000r\000c\000/\000u\000p\000n\000p\000/\000d\000e\000v\000i\000c\000e\000/\000b\000r\000i\000s\000a\000e\000v\000e\000n\000t\000c\000o\000n\000t\000r\000o\000l\000l\000e\000r\000.\000c\000p\000p\000\040\000F\000i\000l\000e\000\040\000R\000e\000f\000e\000r\000e\000n\000c\000e}{chapter.7}
\BOOKMARK [2][-]{subsection.7.39.1}{\376\377\000D\000e\000f\000i\000n\000e\000\040\000D\000o\000c\000u\000m\000e\000n\000t\000a\000t\000i\000o\000n}{section.7.39}
\BOOKMARK [3][-]{subsubsection.7.39.1.1}{\376\377\000E\000R\000R\000O\000R\000\137\0004\0000\0000\000\137\000M\000E\000S\000S\000A\000G\000E}{subsection.7.39.1}
\BOOKMARK [3][-]{subsubsection.7.39.1.2}{\376\377\000E\000R\000R\000O\000R\000\137\0004\0001\0002\000\137\000M\000E\000S\000S\000A\000G\000E}{subsection.7.39.1}
\BOOKMARK [1][-]{section.7.40}{\376\377\000s\000r\000c\000/\000u\000p\000n\000p\000/\000d\000e\000v\000i\000c\000e\000/\000b\000r\000i\000s\000a\000e\000v\000e\000n\000t\000c\000o\000n\000t\000r\000o\000l\000l\000e\000r\000.\000h\000\040\000F\000i\000l\000e\000\040\000R\000e\000f\000e\000r\000e\000n\000c\000e}{chapter.7}
\BOOKMARK [1][-]{section.7.41}{\376\377\000s\000r\000c\000/\000u\000p\000n\000p\000/\000d\000e\000v\000i\000c\000e\000/\000b\000r\000i\000s\000a\000e\000v\000e\000n\000t\000m\000e\000s\000s\000a\000g\000e\000.\000c\000p\000p\000\040\000F\000i\000l\000e\000\040\000R\000e\000f\000e\000r\000e\000n\000c\000e}{chapter.7}
\BOOKMARK [1][-]{section.7.42}{\376\377\000s\000r\000c\000/\000u\000p\000n\000p\000/\000d\000e\000v\000i\000c\000e\000/\000b\000r\000i\000s\000a\000e\000v\000e\000n\000t\000m\000e\000s\000s\000a\000g\000e\000.\000h\000\040\000F\000i\000l\000e\000\040\000R\000e\000f\000e\000r\000e\000n\000c\000e}{chapter.7}
\BOOKMARK [1][-]{section.7.43}{\376\377\000s\000r\000c\000/\000u\000p\000n\000p\000/\000d\000e\000v\000i\000c\000e\000/\000b\000r\000i\000s\000a\000e\000v\000e\000n\000t\000s\000u\000b\000s\000c\000r\000i\000p\000t\000i\000o\000n\000.\000c\000p\000p\000\040\000F\000i\000l\000e\000\040\000R\000e\000f\000e\000r\000e\000n\000c\000e}{chapter.7}
\BOOKMARK [1][-]{section.7.44}{\376\377\000s\000r\000c\000/\000u\000p\000n\000p\000/\000d\000e\000v\000i\000c\000e\000/\000b\000r\000i\000s\000a\000e\000v\000e\000n\000t\000s\000u\000b\000s\000c\000r\000i\000p\000t\000i\000o\000n\000.\000h\000\040\000F\000i\000l\000e\000\040\000R\000e\000f\000e\000r\000e\000n\000c\000e}{chapter.7}
\BOOKMARK [1][-]{section.7.45}{\376\377\000s\000r\000c\000/\000u\000p\000n\000p\000/\000d\000e\000v\000i\000c\000e\000/\000b\000r\000i\000s\000a\000s\000e\000r\000v\000i\000c\000e\000.\000c\000p\000p\000\040\000F\000i\000l\000e\000\040\000R\000e\000f\000e\000r\000e\000n\000c\000e}{chapter.7}
\BOOKMARK [2][-]{subsection.7.45.1}{\376\377\000D\000e\000f\000i\000n\000e\000\040\000D\000o\000c\000u\000m\000e\000n\000t\000a\000t\000i\000o\000n}{section.7.45}
\BOOKMARK [3][-]{subsubsection.7.45.1.1}{\376\377\000S\000O\000A\000P\000\137\000E\000R\000R\000O\000R\000\137\000T\000E\000M\000P\000L\000A\000T\000E}{subsection.7.45.1}
\BOOKMARK [1][-]{section.7.46}{\376\377\000s\000r\000c\000/\000u\000p\000n\000p\000/\000d\000e\000v\000i\000c\000e\000/\000b\000r\000i\000s\000a\000s\000e\000r\000v\000i\000c\000e\000.\000h\000\040\000F\000i\000l\000e\000\040\000R\000e\000f\000e\000r\000e\000n\000c\000e}{chapter.7}
\BOOKMARK [1][-]{section.7.47}{\376\377\000s\000r\000c\000/\000u\000p\000n\000p\000/\000s\000s\000d\000p\000/\000b\000r\000i\000s\000a\000s\000s\000d\000p\000c\000l\000i\000e\000n\000t\000.\000c\000p\000p\000\040\000F\000i\000l\000e\000\040\000R\000e\000f\000e\000r\000e\000n\000c\000e}{chapter.7}
\BOOKMARK [1][-]{section.7.48}{\376\377\000s\000r\000c\000/\000u\000p\000n\000p\000/\000s\000s\000d\000p\000/\000b\000r\000i\000s\000a\000s\000s\000d\000p\000c\000l\000i\000e\000n\000t\000.\000h\000\040\000F\000i\000l\000e\000\040\000R\000e\000f\000e\000r\000e\000n\000c\000e}{chapter.7}
\BOOKMARK [1][-]{section.7.49}{\376\377\000s\000r\000c\000/\000u\000p\000n\000p\000/\000s\000s\000d\000p\000/\000b\000r\000i\000s\000a\000s\000s\000d\000p\000s\000e\000r\000v\000e\000r\000.\000c\000p\000p\000\040\000F\000i\000l\000e\000\040\000R\000e\000f\000e\000r\000e\000n\000c\000e}{chapter.7}
\BOOKMARK [2][-]{subsection.7.49.1}{\376\377\000D\000e\000f\000i\000n\000e\000\040\000D\000o\000c\000u\000m\000e\000n\000t\000a\000t\000i\000o\000n}{section.7.49}
\BOOKMARK [3][-]{subsubsection.7.49.1.1}{\376\377\000U\000P\000N\000P\000\137\000A\000L\000I\000V\000E\000\137\000M\000E\000S\000S\000A\000G\000E}{subsection.7.49.1}
\BOOKMARK [3][-]{subsubsection.7.49.1.2}{\376\377\000U\000P\000N\000P\000\137\000B\000Y\000E\000B\000Y\000E\000\137\000M\000E\000S\000S\000A\000G\000E}{subsection.7.49.1}
\BOOKMARK [3][-]{subsubsection.7.49.1.3}{\376\377\000U\000P\000N\000P\000\137\000M\000S\000E\000A\000R\000C\000H\000\137\000R\000E\000S\000P\000O\000N\000S\000E}{subsection.7.49.1}
\BOOKMARK [1][-]{section.7.50}{\376\377\000s\000r\000c\000/\000u\000p\000n\000p\000/\000s\000s\000d\000p\000/\000b\000r\000i\000s\000a\000s\000s\000d\000p\000s\000e\000r\000v\000e\000r\000.\000h\000\040\000F\000i\000l\000e\000\040\000R\000e\000f\000e\000r\000e\000n\000c\000e}{chapter.7}
\BOOKMARK [1][-]{section.7.51}{\376\377\000s\000r\000c\000/\000u\000t\000i\000l\000s\000/\000b\000r\000i\000s\000a\000l\000o\000g\000.\000c\000p\000p\000\040\000F\000i\000l\000e\000\040\000R\000e\000f\000e\000r\000e\000n\000c\000e}{chapter.7}
\BOOKMARK [2][-]{subsection.7.51.1}{\376\377\000D\000e\000f\000i\000n\000e\000\040\000D\000o\000c\000u\000m\000e\000n\000t\000a\000t\000i\000o\000n}{section.7.51}
\BOOKMARK [3][-]{subsubsection.7.51.1.1}{\376\377\000C\000O\000L\000O\000R\000\137\000C\000R\000I\000T\000I\000C\000A\000L}{subsection.7.51.1}
\BOOKMARK [3][-]{subsubsection.7.51.1.2}{\376\377\000C\000O\000L\000O\000R\000\137\000D\000E\000B\000U\000G}{subsection.7.51.1}
\BOOKMARK [3][-]{subsubsection.7.51.1.3}{\376\377\000C\000O\000L\000O\000R\000\137\000F\000A\000T\000A\000L}{subsection.7.51.1}
\BOOKMARK [3][-]{subsubsection.7.51.1.4}{\376\377\000C\000O\000L\000O\000R\000\137\000R\000E\000S\000E\000T}{subsection.7.51.1}
\BOOKMARK [3][-]{subsubsection.7.51.1.5}{\376\377\000C\000O\000L\000O\000R\000\137\000W\000A\000R\000N}{subsection.7.51.1}
\BOOKMARK [3][-]{subsubsection.7.51.1.6}{\376\377\000L\000O\000G\000\137\000W\000R\000I\000T\000E}{subsection.7.51.1}
\BOOKMARK [2][-]{subsection.7.51.2}{\376\377\000F\000u\000n\000c\000t\000i\000o\000n\000\040\000D\000o\000c\000u\000m\000e\000n\000t\000a\000t\000i\000o\000n}{section.7.51}
\BOOKMARK [3][-]{subsubsection.7.51.2.1}{\376\377\000b\000r\000i\000s\000a\000L\000o\000g\000I\000n\000i\000t\000i\000a\000l\000i\000z\000e}{subsection.7.51.2}
\BOOKMARK [3][-]{subsubsection.7.51.2.2}{\376\377\000b\000r\000i\000s\000a\000M\000e\000s\000s\000a\000g\000e\000W\000r\000i\000t\000t\000e\000r}{subsection.7.51.2}
\BOOKMARK [1][-]{section.7.52}{\376\377\000s\000r\000c\000/\000u\000t\000i\000l\000s\000/\000b\000r\000i\000s\000a\000l\000o\000g\000.\000h\000\040\000F\000i\000l\000e\000\040\000R\000e\000f\000e\000r\000e\000n\000c\000e}{chapter.7}
\BOOKMARK [2][-]{subsection.7.52.1}{\376\377\000F\000u\000n\000c\000t\000i\000o\000n\000\040\000D\000o\000c\000u\000m\000e\000n\000t\000a\000t\000i\000o\000n}{section.7.52}
\BOOKMARK [3][-]{subsubsection.7.52.1.1}{\376\377\000b\000r\000i\000s\000a\000L\000o\000g\000I\000n\000i\000t\000i\000a\000l\000i\000z\000e}{subsection.7.52.1}
\BOOKMARK [1][-]{section.7.53}{\376\377\000s\000r\000c\000/\000u\000t\000i\000l\000s\000/\000b\000r\000i\000s\000a\000n\000e\000t\000w\000o\000r\000k\000.\000c\000p\000p\000\040\000F\000i\000l\000e\000\040\000R\000e\000f\000e\000r\000e\000n\000c\000e}{chapter.7}
\BOOKMARK [2][-]{subsection.7.53.1}{\376\377\000F\000u\000n\000c\000t\000i\000o\000n\000\040\000D\000o\000c\000u\000m\000e\000n\000t\000a\000t\000i\000o\000n}{section.7.53}
\BOOKMARK [3][-]{subsubsection.7.53.1.1}{\376\377\000g\000e\000t\000I\000p}{subsection.7.53.1}
\BOOKMARK [3][-]{subsubsection.7.53.1.2}{\376\377\000g\000e\000t\000P\000o\000r\000t}{subsection.7.53.1}
\BOOKMARK [1][-]{section.7.54}{\376\377\000s\000r\000c\000/\000u\000t\000i\000l\000s\000/\000b\000r\000i\000s\000a\000n\000e\000t\000w\000o\000r\000k\000.\000h\000\040\000F\000i\000l\000e\000\040\000R\000e\000f\000e\000r\000e\000n\000c\000e}{chapter.7}
\BOOKMARK [2][-]{subsection.7.54.1}{\376\377\000F\000u\000n\000c\000t\000i\000o\000n\000\040\000D\000o\000c\000u\000m\000e\000n\000t\000a\000t\000i\000o\000n}{section.7.54}
\BOOKMARK [3][-]{subsubsection.7.54.1.1}{\376\377\000g\000e\000t\000I\000p}{subsection.7.54.1}
\BOOKMARK [3][-]{subsubsection.7.54.1.2}{\376\377\000g\000e\000t\000P\000o\000r\000t}{subsection.7.54.1}
